FVEMOA DTLZ1 M3 	: [1, 2, 3, 4, 5, 6, 7, 8, 9, 10, 11, 12, 13, 14, 15, 16, 17, 18, 19, 20, 21, 22, 23, 24, 25, 26, 27, 28, 29, 30]
FVEMOA DTLZ1 M5 	: [1, 2, 3, 4, 5, 6, 7, 8, 9, 10, 11, 12, 13, 14, 15, 16, 17, 18, 19, 20, 21, 22, 23, 24, 25, 26, 27, 28, 29, 30]
FVEMOA DTLZ1 M8 	: [1, 2, 3, 4, 5]
FVEMOA DTLZ1 M10 	: [1, 2, 3, 4, 5]
FVEMOA DTLZ2 M3 	: [1, 2, 3, 4, 5, 6, 7, 8, 9, 10, 11, 12, 13, 14, 15, 16, 17, 18, 19, 20, 21, 22, 23, 24, 25, 26, 27, 28, 29, 30]
FVEMOA DTLZ2 M5 	: [1, 2, 3, 4, 5, 6, 7, 8, 9, 10, 11, 12, 13, 14, 15, 16, 17, 18, 19, 20, 21, 22, 23, 24, 25, 26, 27, 28, 29, 30]
FVEMOA DTLZ2 M8 	: [1, 2, 3, 4, 5]
FVEMOA DTLZ2 M10 	: [1, 2, 3, 4, 5]
FVEMOA DTLZ3 M3 	: [1, 2, 3, 4, 5, 6, 7, 8, 9, 10, 11, 12, 13, 14, 15, 16, 17, 18, 19, 20, 21, 22, 23, 24, 25, 26, 27, 28, 29, 30]
FVEMOA DTLZ3 M5 	: [1, 2, 3, 4, 5, 6, 7, 8, 9, 10, 11, 12, 13, 14, 15, 16, 17, 18, 19, 20, 21, 22, 23, 24, 25, 26, 27, 28, 29, 30]
FVEMOA DTLZ3 M8 	: [1, 2, 3, 4, 5]
FVEMOA DTLZ3 M10 	: [1, 2, 3, 4, 5]
FVEMOA DTLZ4 M3 	: [1, 2, 3, 4, 5, 6, 7, 8, 9, 10, 11, 12, 13, 14, 15, 16, 17, 18, 19, 20, 21, 22, 23, 24, 25, 26, 27, 28, 29, 30]
FVEMOA DTLZ4 M5 	: [1, 2, 3, 4, 5, 6, 7, 8, 9, 10, 11, 12, 13, 14, 15, 16, 17, 18, 19, 20, 21, 22, 23, 24, 25, 26, 27, 28, 29, 30]
FVEMOA DTLZ4 M8 	: [1, 2, 3, 4, 5]
FVEMOA DTLZ4 M10 	: [1, 2, 3, 4, 5]
FVEMOA DTLZ5 M3 	: [1, 2, 3, 4, 5, 6, 7, 8, 9, 10, 11, 12, 13, 14, 15, 16, 17, 18, 19, 20, 21, 22, 23, 24, 25, 26, 27, 28, 29, 30]
FVEMOA DTLZ5 M5 	: [1, 2, 3, 4, 5, 6, 7, 8, 9, 10]
FVEMOA DTLZ5 M8 	: [1, 2, 3, 4, 5]
FVEMOA DTLZ5 M10 	: [1, 2, 3, 4, 5]
FVEMOA DTLZ6 M3 	: [1, 2, 3, 4, 5, 6, 7, 8, 9, 10, 11, 12, 13, 14, 15, 16, 17, 18, 19, 20, 21, 22, 23, 24, 25, 26, 27, 28, 29, 30]
FVEMOA DTLZ6 M5 	: [1, 2, 3, 4, 5, 6, 7, 8, 9, 10]
FVEMOA DTLZ6 M8 	: [1, 2, 3, 4, 5]
FVEMOA DTLZ6 M10 	: [1, 2, 3, 4, 5]
FVEMOA DTLZ7 M3 	: [1, 2, 3, 4, 5, 6, 7, 8, 9, 10, 11, 12, 13, 14, 15, 16, 17, 18, 19, 20, 21, 22, 23, 24, 25, 26, 27, 28, 29, 30]
FVEMOA DTLZ7 M5 	: [1, 2, 3, 4, 5, 6, 7, 8, 9, 10]
FVEMOA DTLZ7 M8 	: [1, 2, 3, 4, 5]
FVEMOA DTLZ7 M10 	: [1, 2, 3, 4, 5]
FVEMOA DTLZ8 M3 	: [1, 2, 3, 4, 5, 6, 7, 8, 9, 10, 11, 12, 13, 14, 15, 16, 17, 18, 19, 20, 21, 22, 23, 24, 25, 26, 27, 28, 29, 30]
FVEMOA DTLZ8 M5 	: [1, 2, 3, 4, 5, 6, 7, 8, 9, 10]
FVEMOA DTLZ8 M8 	: [1, 2, 3, 4, 5]
FVEMOA DTLZ8 M10 	: [1, 2, 3, 4, 5]
FVEMOA DTLZ9 M3 	: [1, 2, 3, 4, 5, 6, 7, 8, 9, 10, 11, 12, 13, 14, 15, 16, 17, 18, 19, 20, 21, 22, 23, 24, 25, 26, 27, 28, 29, 30]
FVEMOA DTLZ9 M5 	: [1, 2, 3, 4, 5, 6, 7, 8, 9, 10]
FVEMOA DTLZ9 M8 	: [1, 2, 3, 4, 5]
FVEMOA DTLZ9 M10 	: [1, 2, 3, 4, 5]
FVEMOA C1_DTLZ1 M3 	: [1, 2, 3, 4, 5, 6, 7, 8, 9, 10, 11, 12, 13, 14, 15, 16, 17, 18, 19, 20, 21, 22, 23, 24, 25, 26, 27, 28, 29, 30]
FVEMOA C1_DTLZ1 M5 	: [1, 2, 3, 4, 5, 6, 7, 8, 9, 10]
FVEMOA C1_DTLZ1 M8 	: [1, 2, 3, 4, 5]
FVEMOA C1_DTLZ1 M10 	: [1, 2, 3, 4, 5]
FVEMOA C2_DTLZ2 M3 	: [1, 2, 3, 4, 5, 6, 7, 8, 9, 10, 11, 12, 13, 14, 15, 16, 17, 18, 19, 20, 21, 22, 23, 24, 25, 26, 27, 28, 29, 30]
FVEMOA C2_DTLZ2 M5 	: [1, 2, 3, 4, 5, 6, 7, 8, 9, 10]
FVEMOA C2_DTLZ2 M8 	: [1, 2, 3, 4, 5]
FVEMOA C2_DTLZ2 M10 	: [1, 2, 3, 4, 5]
FVEMOA C3_DTLZ4 M3 	: [1, 2, 3, 4, 5, 6, 7, 8, 9, 10, 11, 12, 13, 14, 15, 16, 17, 18, 19, 20, 21, 22, 23, 24, 25, 26, 27, 28, 29, 30]
FVEMOA C3_DTLZ4 M5 	: [1, 2, 3, 4, 5, 6, 7, 8, 9, 10]
FVEMOA C3_DTLZ4 M8 	: [1, 2, 3, 4, 5]
FVEMOA C3_DTLZ4 M10 	: [1, 2, 3, 4, 5]
FVEMOA CDTLZ2 M3 	: [1, 2, 3, 4, 5, 6, 7, 8, 9, 10, 11, 12, 13, 14, 15, 16, 17, 18, 19, 20, 21, 22, 23, 24, 25, 26, 27, 28, 29, 30]
FVEMOA CDTLZ2 M5 	: [1, 2, 3, 4, 5, 6, 7, 8, 9, 10]
FVEMOA CDTLZ2 M8 	: [1, 2, 3, 4, 5]
FVEMOA CDTLZ2 M10 	: [1, 2, 3, 4, 5]
FVEMOA IDTLZ1 M3 	: [1, 2, 3, 4, 5, 6, 7, 8, 9, 10, 11, 12, 13, 14, 15, 16, 17, 18, 19, 20, 21, 22, 23, 24, 25, 26, 27, 28, 29, 30]
FVEMOA IDTLZ1 M5 	: [1, 2, 3, 4, 5, 6, 7, 8, 9, 10]
FVEMOA IDTLZ1 M8 	: [1, 2, 3, 4, 5]
FVEMOA IDTLZ1 M10 	: [1, 2, 3, 4, 5]
FVEMOA IDTLZ2 M3 	: [1, 2, 3, 4, 5, 6, 7, 8, 9, 10, 11, 12, 13, 14, 15, 16, 17, 18, 19, 20, 21, 22, 23, 24, 25, 26, 27, 28, 29, 30]
FVEMOA IDTLZ2 M5 	: [1, 2, 3, 4, 5, 6, 7, 8, 9, 10]
FVEMOA IDTLZ2 M8 	: [1, 2, 3, 4, 5]
FVEMOA IDTLZ2 M10 	: [1, 2, 3, 4, 5]
FVEMOA SDTLZ1 M3 	: [1, 2, 3, 4, 5, 6, 7, 8, 9, 10, 11, 12, 13, 14, 15, 16, 17, 18, 19, 20, 21, 22, 23, 24, 25, 26, 27, 28, 29, 30]
FVEMOA SDTLZ1 M5 	: [1, 2, 3, 4, 5, 6, 7, 8, 9, 10]
FVEMOA SDTLZ1 M8 	: [1, 2, 3, 4, 5]
FVEMOA SDTLZ1 M10 	: [1, 2, 3, 4, 5]
FVEMOA WFG1 M3 	: [1, 2, 3, 4, 5, 6, 7, 8, 9, 10, 11, 12, 13, 14, 15, 16, 17, 18, 19, 20, 21, 22, 23, 24, 25, 26, 27, 28, 29, 30]
FVEMOA WFG1 M5 	: [1, 2, 3, 4, 5, 6, 7, 8, 9, 10]
FVEMOA WFG1 M8 	: [1, 2, 3, 4, 5]
FVEMOA WFG1 M10 	: [1, 2, 3, 4, 5]
FVEMOA WFG2 M3 	: [1, 2, 3, 4, 5, 6, 7, 8, 9, 10, 11, 12, 13, 14, 15, 16, 17, 18, 19, 20, 21, 22, 23, 24, 25, 26, 27, 28, 29, 30]
FVEMOA WFG2 M5 	: [1, 2, 3, 4, 5, 6, 7, 8, 9, 10]
FVEMOA WFG2 M8 	: [1, 2, 3, 4, 5]
FVEMOA WFG2 M10 	: [1, 2, 3, 4, 5]
FVEMOA WFG3 M3 	: [1, 2, 3, 4, 5, 6, 7, 8, 9, 10, 11, 12, 13, 14, 15, 16, 17, 18, 19, 20, 21, 22, 23, 24, 25, 26, 27, 28, 29, 30]
FVEMOA WFG3 M5 	: [1, 2, 3, 4, 5, 6, 7, 8, 9, 10]
FVEMOA WFG3 M8 	: [1, 2, 3, 4, 5]
FVEMOA WFG3 M10 	: [1, 2, 3, 4, 5]
FVEMOA WFG4 M3 	: [1, 2, 3, 4, 5, 6, 7, 8, 9, 10, 11, 12, 13, 14, 15, 16, 17, 18, 19, 20, 21, 22, 23, 24, 25, 26, 27, 28, 29, 30]
FVEMOA WFG4 M5 	: [1, 2, 3, 4, 5, 6, 7, 8, 9, 10]
FVEMOA WFG4 M8 	: [1, 2, 3, 4, 5]
FVEMOA WFG4 M10 	: [1, 2, 3, 4, 5]
FVEMOA WFG5 M3 	: [1, 2, 3, 4, 5, 6, 7, 8, 9, 10, 11, 12, 13, 14, 15, 16, 17, 18, 19, 20, 21, 22, 23, 24, 25, 26, 27, 28, 29, 30]
FVEMOA WFG5 M5 	: [1, 2, 3, 4, 5, 6, 7, 8, 9, 10]
FVEMOA WFG5 M8 	: [1, 2, 3, 4, 5]
FVEMOA WFG5 M10 	: []
FVEMOA WFG6 M3 	: [1, 2, 3, 4, 5, 6, 7, 8, 9, 10, 11, 12, 13, 14, 15, 16, 17, 18, 19, 20, 21, 22, 23, 24, 25, 26, 27, 28, 29, 30]
FVEMOA WFG6 M5 	: [1, 2, 3, 4, 5, 6, 7, 8, 9, 10]
FVEMOA WFG6 M8 	: [1, 2, 3, 4, 5]
FVEMOA WFG6 M10 	: [5]
FVEMOA WFG7 M3 	: [1, 2, 3, 4, 5, 6, 7, 8, 9, 10, 11, 12, 13, 14, 15, 16, 17, 18, 19, 20, 21, 22, 23, 24, 25, 26, 27, 28, 29, 30]
FVEMOA WFG7 M5 	: [1, 2, 3, 4, 5, 6, 7, 8, 9, 10]
FVEMOA WFG7 M8 	: [1, 2, 3, 4, 5]
FVEMOA WFG7 M10 	: [1, 2, 3, 4, 5]
FVEMOA WFG8 M3 	: [1, 2, 3, 4, 5, 6, 7, 8, 9, 10, 11, 12, 13, 14, 15, 16, 17, 18, 19, 20, 21, 22, 23, 24, 25, 26, 27, 28, 29, 30]
FVEMOA WFG8 M5 	: [1, 2, 3, 4, 5, 6, 7, 8, 9, 10]
FVEMOA WFG8 M8 	: [1, 2, 3, 4, 5]
FVEMOA WFG8 M10 	: [1, 2, 3, 4, 5]
FVEMOA WFG9 M3 	: [1, 2, 3, 4, 5, 6, 7, 8, 9, 10, 11, 12, 13, 14, 15, 16, 17, 18, 19, 20, 21, 22, 23, 24, 25, 26, 27, 28, 29, 30]
FVEMOA WFG9 M5 	: [1, 2, 3, 4, 5, 6, 7, 8, 9, 10]
FVEMOA WFG9 M8 	: [1, 2, 3, 4, 5]
FVEMOA WFG9 M10 	: [1, 2, 3, 4, 5]
FVEMOA MaF1 M3 	: [1, 2, 3, 4, 5, 6, 7, 8, 9, 10, 11, 12, 13, 14, 15, 16, 17, 18, 19, 20, 21, 22, 23, 24, 25, 26, 27, 28, 29, 30]
FVEMOA MaF1 M5 	: [1, 2, 3, 4, 5, 6, 7, 8, 9, 10]
FVEMOA MaF1 M8 	: [1, 2, 3, 4, 5]
FVEMOA MaF1 M10 	: [1, 2, 3, 4, 5]
FVEMOA MaF2 M3 	: [1, 2, 3, 4, 5, 6, 7, 8, 9, 10, 11, 12, 13, 14, 15, 16, 17, 18, 19, 20, 21, 22, 23, 24, 25, 26, 27, 28, 29, 30]
FVEMOA MaF2 M5 	: [1, 2, 3, 4, 5, 6, 7, 8, 9, 10]
FVEMOA MaF2 M8 	: [1, 2, 3, 4, 5]
FVEMOA MaF2 M10 	: [1, 2, 3, 4, 5]
FVEMOA MaF3 M3 	: [1, 2, 3, 4, 5, 6, 7, 8, 9, 10, 11, 12, 13, 14, 15, 16, 17, 18, 19, 20, 21, 22, 23, 24, 25, 26, 27, 28, 29, 30]
FVEMOA MaF3 M5 	: [1, 2, 3, 4, 5, 6, 7, 8, 9, 10]
FVEMOA MaF3 M8 	: [1, 2, 3, 4, 5]
FVEMOA MaF3 M10 	: [1, 2, 3, 4, 5]
FVEMOA MaF4 M3 	: [1, 2, 3, 4, 5, 6, 7, 8, 9, 10, 11, 12, 13, 14, 15, 16, 17, 18, 19, 20, 21, 22, 23, 24, 25, 26, 27, 28, 29, 30]
FVEMOA MaF4 M5 	: [1, 2, 3, 4, 5, 6, 7, 8, 9, 10]
FVEMOA MaF4 M8 	: [1, 2, 3, 4, 5]
FVEMOA MaF4 M10 	: [1, 2, 3, 4, 5]
FVEMOA MaF5 M3 	: [1, 2, 3, 4, 5, 6, 7, 8, 9, 10, 11, 12, 13, 14, 15, 16, 17, 18, 19, 20, 21, 22, 23, 24, 25, 26, 27, 28, 29, 30]
FVEMOA MaF5 M5 	: [1, 2, 3, 4, 5, 6, 7, 8, 9, 10]
FVEMOA MaF5 M8 	: [1, 2, 3, 4, 5]
FVEMOA MaF5 M10 	: [1, 2, 3, 4, 5]
FVEMOA MaF6 M3 	: [1, 2, 3, 4, 5, 6, 7, 8, 9, 10, 11, 12, 13, 14, 15, 16, 17, 18, 19, 20, 21, 22, 23, 24, 25, 26, 27, 28, 29, 30]
FVEMOA MaF6 M5 	: [1, 2, 3, 4, 5, 6, 7, 8, 9, 10]
FVEMOA MaF6 M8 	: [1, 2, 3, 4, 5]
FVEMOA MaF6 M10 	: [1, 2, 3]
FVEMOA MaF7 M3 	: [1, 2, 3, 4, 5, 6, 7, 8, 9, 10, 11, 12, 13, 14, 15, 16, 17, 18, 19, 20, 21, 22, 23, 24, 25, 26, 27, 28, 29, 30]
FVEMOA MaF7 M5 	: [1, 2, 3, 4, 5, 6, 7, 8, 9, 10]
FVEMOA MaF7 M8 	: [1, 2, 3, 4, 5]
FVEMOA MaF7 M10 	: [3, 4, 5]
FVEMOA MaF8 M3 	: [1, 2, 3, 4, 5, 6, 7, 8, 9, 10, 11, 12, 13, 14, 15, 16, 17, 18, 19, 20, 21, 22, 23, 24, 25, 26, 27, 28, 29, 30]
FVEMOA MaF8 M5 	: [1, 2, 3, 4, 5, 6, 7, 8, 9, 10]
FVEMOA MaF8 M8 	: [1, 2, 3, 4, 5]
FVEMOA MaF8 M10 	: [1]
FVEMOA MaF9 M3 	: [1, 2, 3, 4, 5, 6, 7, 8, 9, 10, 11, 12, 13, 14, 15, 16, 17, 18, 19, 20, 21, 22, 23, 24, 25, 26, 27, 28, 29, 30]
FVEMOA MaF9 M5 	: [1, 2, 3, 4, 5, 6, 7, 8, 9, 10]
FVEMOA MaF9 M8 	: [1, 2, 3, 4, 5]
FVEMOA MaF9 M10 	: [1, 2, 3, 4, 5]
FVEMOA MaF10 M3 	: [1, 2, 3, 4, 5, 6, 7, 8, 9, 10, 11, 12, 13, 14, 15, 16, 17, 18, 19, 20, 21, 22, 23, 24, 25, 26, 27, 28, 29, 30]
FVEMOA MaF10 M5 	: [1, 2, 3, 4, 5, 6, 7, 8, 9, 10]
FVEMOA MaF10 M8 	: [1, 2, 3, 4, 5]
FVEMOA MaF10 M10 	: [1, 2, 3, 4]
FVEMOA MaF11 M3 	: [1, 2, 3, 4, 5, 6, 7, 8, 9, 10, 11, 12, 13, 14, 15, 16, 17, 18, 19, 20, 21, 22, 23, 24, 25, 26, 27, 28, 29, 30]
FVEMOA MaF11 M5 	: [1, 2, 3, 4, 5, 6, 7, 8, 9, 10]
FVEMOA MaF11 M8 	: [1, 2, 3, 4, 5]
FVEMOA MaF11 M10 	: [3, 4, 5]
FVEMOA MaF12 M3 	: [1, 2, 3, 4, 5, 6, 7, 8, 9, 10, 11, 12, 13, 14, 15, 16, 17, 18, 19, 20, 21, 22, 23, 24, 25, 26, 27, 28, 29, 30]
FVEMOA MaF12 M5 	: [1, 2, 3, 4, 5, 6, 7, 8, 9, 10]
FVEMOA MaF12 M8 	: [1, 2, 3, 4, 5]
FVEMOA MaF12 M10 	: [1, 2, 3, 4, 5]
FVEMOA MaF13 M3 	: [1, 2, 3, 4, 5, 6, 7, 8, 9, 10, 11, 12, 13, 14, 15, 16, 17, 18, 19, 20, 21, 22, 23, 24, 25, 26, 27, 28, 29, 30]
FVEMOA MaF13 M5 	: [1, 2, 3, 4, 5, 6, 7, 8, 9, 10]
FVEMOA MaF13 M8 	: [1, 2, 3, 4, 5]
FVEMOA MaF13 M10 	: [1, 2, 3, 4, 5]
FVEMOA MaF14 M3 	: [1, 2, 3, 4, 5, 6, 7, 8, 9, 10, 11, 12, 13, 14, 15, 16, 17, 18, 19, 20, 21, 22, 23, 24, 25, 26, 27, 28, 29, 30]
FVEMOA MaF14 M5 	: [1, 2, 3, 4, 5, 6, 7, 8, 9, 10]
FVEMOA MaF14 M8 	: [1, 2, 3, 4, 5]
FVEMOA MaF14 M10 	: [1, 2, 3, 4, 5]
FVEMOA MaF15 M3 	: [1, 2, 3, 4, 5, 6, 7, 8, 9, 10, 11, 12, 13, 14, 15, 16, 17, 18, 19, 20, 21, 22, 23, 24, 25, 26, 27, 28, 29, 30]
FVEMOA MaF15 M5 	: [1, 2, 3, 4, 5, 6, 7, 8, 9, 10]
FVEMOA MaF15 M8 	: [1, 2, 3, 4, 5]
FVEMOA MaF15 M10 	: [1, 2, 3, 4, 5]
FVEMOA_DR DTLZ1 M3 	: [1, 2, 3, 4, 5, 6, 7, 8, 9, 10, 11, 12, 13, 14, 15, 16, 17, 18, 19, 20, 21, 22, 23, 24, 25]
FVEMOA_DR DTLZ1 M5 	: [1, 2, 3, 4, 5, 6, 7, 8, 9, 10, 11, 12, 13, 14, 15, 16, 17, 18, 19, 20, 21, 22, 23, 24, 25]
FVEMOA_DR DTLZ1 M8 	: [1, 2, 3, 4, 5, 6, 7, 8, 9, 10, 11, 12, 13, 14, 15, 16, 17, 18, 19, 20, 21, 22, 23, 24, 25]
FVEMOA_DR DTLZ1 M10 	: [1, 2, 3, 4, 5, 6, 7, 8, 9, 10, 11, 12, 13, 14, 15, 16]
FVEMOA_DR DTLZ2 M3 	: [1, 2, 3, 4, 5, 6, 7, 8, 9, 10, 11, 12, 13, 14, 15, 16, 17, 18, 19, 20, 21, 22, 23, 24, 25]
FVEMOA_DR DTLZ2 M5 	: [1, 2, 3, 4, 5, 6, 7, 8, 9, 10, 11, 12, 13, 14, 15, 16, 17, 18, 19, 20, 21, 22, 23, 24, 25]
FVEMOA_DR DTLZ2 M8 	: [1, 2, 3, 4, 5, 6, 7, 8, 9, 10, 11, 12, 13, 14, 15, 16, 17, 18, 19, 20, 21, 22, 23, 24, 25]
FVEMOA_DR DTLZ2 M10 	: []
FVEMOA_DR DTLZ3 M3 	: [1, 2, 3, 4, 5, 6, 7, 8, 9, 10, 11, 12, 13, 14, 15, 16, 17, 18, 19, 20, 21, 22, 23, 24, 25]
FVEMOA_DR DTLZ3 M5 	: [1, 2, 3, 4, 5, 6, 7, 8, 9, 10, 11, 12, 13, 14, 15, 16, 17, 18, 19, 20, 21, 22, 23, 24, 25]
FVEMOA_DR DTLZ3 M8 	: [1, 2, 3, 4, 5, 6, 7, 8, 9, 10, 11, 12, 13, 14, 15, 16, 17, 18, 19, 20, 21, 22, 23, 24, 25]
FVEMOA_DR DTLZ3 M10 	: [2, 3, 4, 5, 6, 7, 8, 9, 10, 11, 12, 13, 14, 15, 16, 17, 18, 19, 20, 21, 22, 23, 24, 25]
FVEMOA_DR DTLZ4 M3 	: [1, 2, 3, 4, 5, 6, 7, 8, 9, 10, 11, 12, 13, 14, 15, 16, 17, 18, 19, 20, 21, 22, 23, 24, 25]
FVEMOA_DR DTLZ4 M5 	: [1, 2, 3, 4, 5, 6, 7, 8, 9, 10, 11, 12, 13, 14, 15, 16, 17, 18, 19, 20, 21, 22, 23, 24, 25]
FVEMOA_DR DTLZ4 M8 	: [1, 2, 3, 4, 5, 6, 7, 8, 9, 10, 11, 12, 13, 14, 15, 16, 17, 18, 19, 20, 21, 22, 23, 24, 25]
FVEMOA_DR DTLZ4 M10 	: [1, 2, 3, 4, 5, 6, 7, 8, 9, 10, 11, 12, 13, 14, 15, 16, 17, 18, 19, 20, 21, 22, 23, 24, 25]
FVEMOA_DR DTLZ5 M3 	: [1, 2, 3, 4, 5, 6, 7, 8, 9, 10, 11, 12, 13, 14, 15, 16, 17, 18, 19, 20, 21, 22, 23, 24, 25]
FVEMOA_DR DTLZ5 M5 	: [1, 2, 3, 4, 5, 6, 7, 8, 9, 10, 11, 12, 13, 14, 15, 16, 17, 18, 19, 20, 21, 22, 23, 24, 25]
FVEMOA_DR DTLZ5 M8 	: [1, 2, 3, 4, 5, 6, 7, 8, 9, 10, 11, 12, 13, 14, 15, 16, 17, 18, 19, 20, 21, 22, 23, 24, 25]
FVEMOA_DR DTLZ5 M10 	: [1, 2, 3, 4, 5, 6, 7, 8, 9, 10, 11, 12, 13, 14, 15, 16, 17, 18, 19, 20, 21, 22, 23, 24, 25]
FVEMOA_DR DTLZ6 M3 	: [1, 2, 3, 4, 5, 6, 7, 8, 9, 10, 11, 12, 13, 14, 15, 16, 17, 18, 19, 20, 21, 22, 23, 24, 25]
FVEMOA_DR DTLZ6 M5 	: [1, 2, 3, 4, 5, 6, 7, 8, 9, 10, 11, 12, 13, 14, 15, 16, 17, 18, 19, 20, 21, 22, 23, 24, 25]
FVEMOA_DR DTLZ6 M8 	: [1, 2, 3, 4, 5, 6, 7, 8, 9, 10, 11, 12, 13, 14, 15, 16, 17, 18, 19, 20, 21, 22, 23, 24, 25]
FVEMOA_DR DTLZ6 M10 	: [1, 2, 3, 4, 5, 6, 7, 8, 9, 10, 11, 12, 13, 14, 15, 16, 17, 18, 19, 20, 21, 22, 23, 24, 25]
FVEMOA_DR DTLZ7 M3 	: [1, 2, 3, 4, 5, 6, 7, 8, 9, 10, 11, 12, 13, 14, 15, 16, 17, 18, 19, 20, 21, 22, 23, 24, 25]
FVEMOA_DR DTLZ7 M5 	: [1, 2, 3, 4, 5, 6, 7, 8, 9, 10, 11, 12, 13, 14, 15, 16, 17, 18, 19, 20, 21, 22, 23, 24, 25]
FVEMOA_DR DTLZ7 M8 	: [1, 2, 3, 4, 5, 6, 7, 8, 9, 10, 11, 12, 13, 14, 15, 16, 17, 18, 19, 20, 21, 22, 23, 24, 25]
FVEMOA_DR DTLZ7 M10 	: [1, 2, 3, 4, 5, 6, 7, 8, 9, 10, 11, 12, 13, 14, 15, 16, 17, 18, 19, 20, 21, 22, 23, 24, 25]
FVEMOA_DR DTLZ8 M3 	: [1, 2, 3, 4, 5, 6, 7, 8, 9, 10, 11, 12, 13, 14, 15, 16, 17, 18, 19, 20, 21, 22, 23, 24, 25]
FVEMOA_DR DTLZ8 M5 	: [1, 2, 3, 4, 5, 6, 7, 8, 9, 10, 11, 12, 13, 14, 15, 16, 17, 18, 19, 20, 21, 22, 23, 24, 25]
FVEMOA_DR DTLZ8 M8 	: [1, 2, 3, 4, 5, 6, 7, 8, 9, 10, 11, 12, 13, 14, 15, 16, 17, 18, 19, 20, 21, 22, 23, 24, 25]
FVEMOA_DR DTLZ8 M10 	: [1, 2, 3, 4, 5, 6, 7, 8, 9, 10, 11, 12, 13, 14, 15, 16, 17, 18, 19, 20, 21, 22, 23, 24, 25]
FVEMOA_DR DTLZ9 M3 	: [1, 2, 3, 4, 5, 6, 7, 8, 9, 10, 11, 12, 13, 14, 15, 16, 17, 18, 19, 20, 21, 22, 23, 24, 25]
FVEMOA_DR DTLZ9 M5 	: [1, 2, 3, 4, 5, 6, 7, 8, 9, 10, 11, 12, 13, 14, 15, 16, 17, 18, 19, 20, 21, 22, 23, 24, 25]
FVEMOA_DR DTLZ9 M8 	: [1, 2, 3, 4, 5, 6, 7, 8, 9, 10, 11, 12, 13, 14, 15, 16, 17, 18, 19, 20, 21, 22, 23, 24, 25]
FVEMOA_DR DTLZ9 M10 	: [1, 2, 3, 4, 5, 6, 7, 8, 9, 10, 11, 12, 13, 14, 15, 16, 17, 18, 19, 20, 21, 22, 23, 24, 25]
FVEMOA_DR C1_DTLZ1 M3 	: [1, 2, 3, 4, 5, 6, 7, 8, 9, 10, 11, 12, 13, 14, 15, 16, 17, 18, 19, 20, 21, 22, 23, 24, 25]
FVEMOA_DR C1_DTLZ1 M5 	: [1, 2, 3, 4, 5, 6, 7, 8, 9, 10, 11, 12, 13, 14, 15, 16, 17, 18, 19, 20, 21, 22, 23, 24, 25]
FVEMOA_DR C1_DTLZ1 M8 	: [1, 2, 3, 4, 5, 6, 7, 8, 9, 10, 11, 12, 13, 14, 15, 16, 17, 18, 19, 20, 21, 22, 23, 24, 25]
FVEMOA_DR C1_DTLZ1 M10 	: [1, 2, 3, 4, 5, 6, 7, 8, 9, 10, 11, 12, 13, 14, 15, 16, 17, 18]
FVEMOA_DR C2_DTLZ2 M3 	: [1, 2, 3, 4, 5, 6, 7, 8, 9, 10, 11, 12, 13, 14, 15, 16, 17, 18, 19, 20, 21, 22, 23, 24, 25]
FVEMOA_DR C2_DTLZ2 M5 	: [1, 2, 3, 4, 5, 6, 7, 8, 9, 10, 11, 12, 13, 14, 15, 16, 17, 18, 19, 20, 21, 22, 23, 24, 25]
FVEMOA_DR C2_DTLZ2 M8 	: [1, 2, 3, 4, 5, 6, 7, 8, 9, 10, 11, 12, 13, 14, 15, 16, 17, 18, 19, 20, 21, 22, 23, 24, 25]
FVEMOA_DR C2_DTLZ2 M10 	: []
FVEMOA_DR C3_DTLZ4 M3 	: [1, 2, 3, 4, 5, 6, 7, 8, 9, 10, 11, 12, 13, 14, 15, 16, 17, 18, 19, 20, 21, 22, 23, 24, 25]
FVEMOA_DR C3_DTLZ4 M5 	: [1, 2, 3, 4, 5, 6, 7, 8, 9, 10, 11, 12, 13, 14, 15, 16, 17, 18, 19, 20, 21, 22, 23, 24, 25]
FVEMOA_DR C3_DTLZ4 M8 	: [1, 2, 3, 4, 5, 6, 7, 8, 9, 10, 11, 12, 13, 14, 15, 16, 17, 18, 19, 20, 21, 22, 23, 24, 25]
FVEMOA_DR C3_DTLZ4 M10 	: []
FVEMOA_DR CDTLZ2 M3 	: [1, 2, 3, 4, 5, 6, 7, 8, 9, 10, 11, 12, 13, 14, 15, 16, 17, 18, 19, 20, 21, 22, 23, 24, 25]
FVEMOA_DR CDTLZ2 M5 	: [1, 2, 3, 4, 5, 6, 7, 8, 9, 10, 11, 12, 13, 14, 15, 16, 17, 18, 19, 20, 21, 22, 23, 24, 25]
FVEMOA_DR CDTLZ2 M8 	: [1, 2, 3, 4, 5, 6, 7, 8, 9, 10, 11, 12, 13, 14, 15, 16, 17, 18, 19, 20, 21, 22, 23, 24, 25]
FVEMOA_DR CDTLZ2 M10 	: [6, 7, 25]
FVEMOA_DR IDTLZ1 M3 	: [1, 2, 3, 4, 5, 6, 7, 8, 9, 10, 11, 12, 13, 14, 15, 16, 17, 18, 19, 20, 21, 22, 23, 24, 25]
FVEMOA_DR IDTLZ1 M5 	: [1, 2, 3, 4, 5, 6, 7, 8, 9, 10, 11, 12, 13, 14, 15, 16, 17, 18, 19, 20, 21, 22, 23, 24, 25]
FVEMOA_DR IDTLZ1 M8 	: [1, 2, 3, 4, 5, 6, 7, 8, 9, 10, 11, 12, 13, 14, 15, 16, 17, 18, 19, 20, 21, 22, 23, 24, 25]
FVEMOA_DR IDTLZ1 M10 	: [1, 2, 3, 4, 5, 6, 7, 8, 9, 10, 11, 12, 13, 14, 15, 16, 17, 18, 19, 20, 21, 22, 23, 24, 25]
FVEMOA_DR IDTLZ2 M3 	: [1, 2, 3, 4, 5, 6, 7, 8, 9, 10, 11, 12, 13, 14, 15, 16, 17, 18, 19, 20, 21, 22, 23, 24, 25]
FVEMOA_DR IDTLZ2 M5 	: [1, 2, 3, 4, 5, 6, 7, 8, 9, 10, 11, 12, 13, 14, 15, 16, 17, 18, 19, 20, 21, 22, 23, 24, 25]
FVEMOA_DR IDTLZ2 M8 	: [1, 2, 3, 4, 5, 6, 7, 8, 9, 10, 11, 12, 13, 14, 15, 16, 17, 18, 19, 20, 21, 22, 23, 24, 25]
FVEMOA_DR IDTLZ2 M10 	: [1, 2, 3, 4, 5, 6, 7, 8, 9, 10, 11, 12, 13, 14, 15]
FVEMOA_DR SDTLZ1 M3 	: [1, 2, 3, 4, 5, 6, 7, 8, 9, 10, 11, 12, 13, 14, 15, 16, 17, 18, 19, 20, 21, 22, 23, 24, 25]
FVEMOA_DR SDTLZ1 M5 	: [1, 2, 3, 4, 5, 6, 7, 8, 9, 10, 11, 12, 13, 14, 15, 16, 17, 18, 19, 20, 21, 22, 23, 24, 25]
FVEMOA_DR SDTLZ1 M8 	: [1, 2, 3, 4, 5, 6, 7, 8, 9, 10, 11, 12, 13, 14, 15, 16, 17, 18, 19, 20, 21, 22, 23, 24, 25]
FVEMOA_DR SDTLZ1 M10 	: []
FVEMOA_DR WFG1 M3 	: [1, 2, 3, 4, 5, 6, 7, 8, 9, 10, 11, 12, 13, 14, 15, 16, 17, 18, 19, 20, 21, 22, 23, 24, 25]
FVEMOA_DR WFG1 M5 	: [1, 2, 3, 4, 5, 6, 7, 8, 9, 10, 11, 12, 13, 14, 15, 16, 17, 18, 19, 20, 21, 22, 23, 24, 25]
FVEMOA_DR WFG1 M8 	: [1, 2, 3, 4, 5, 6, 7, 8, 9, 10, 11, 12, 13, 14, 15, 16, 17, 18, 19, 20, 21, 22, 23, 24, 25]
FVEMOA_DR WFG1 M10 	: [15, 16, 17, 18]
FVEMOA_DR WFG2 M3 	: [1, 2, 3, 4, 5, 6, 7, 8, 9, 10, 11, 12, 13, 14, 15, 16, 17, 18, 19, 20, 21, 22, 23, 24, 25]
FVEMOA_DR WFG2 M5 	: [1, 2, 3, 4, 5, 6, 7, 8, 9, 10, 11, 12, 13, 14, 15, 16, 17, 18, 19, 20, 21, 22, 23, 24, 25]
FVEMOA_DR WFG2 M8 	: [1, 2, 3, 4, 5, 6, 7, 8, 9, 10, 11, 12, 13, 14, 15, 16, 17, 18, 19, 20, 21, 22, 23, 24, 25]
FVEMOA_DR WFG2 M10 	: [21, 22, 23, 24, 25]
FVEMOA_DR WFG3 M3 	: [1, 2, 3, 4, 5, 6, 7, 8, 9, 10, 11, 12, 13, 14, 15, 16, 17, 18, 19, 20, 21, 22, 23, 24, 25]
FVEMOA_DR WFG3 M5 	: [1, 2, 3, 4, 5, 6, 7, 8, 9, 10, 11, 12, 13, 14, 15, 16, 17, 18, 19, 20, 21, 22, 23, 24, 25]
FVEMOA_DR WFG3 M8 	: [1, 2, 3, 4, 5, 6, 7, 8, 9, 10, 11, 12, 13, 14, 15, 16, 17, 18, 19, 20, 21, 22, 23, 24, 25]
FVEMOA_DR WFG3 M10 	: [1, 2, 3, 4, 5, 6, 7, 8, 9, 10, 11, 12, 13, 14, 15, 16, 17]
FVEMOA_DR WFG4 M3 	: [1, 2, 3, 4, 5, 6, 7, 8, 9, 10, 11, 12, 13, 14, 15, 16, 17, 18, 19, 20, 21, 22, 23, 24, 25]
FVEMOA_DR WFG4 M5 	: [1, 2, 3, 4, 5, 6, 7, 8, 9, 10, 11, 12, 13, 14, 15, 16, 17, 18, 19, 20, 21, 22, 23, 24, 25]
FVEMOA_DR WFG4 M8 	: [1, 2, 3, 4, 5, 6, 7, 8, 9, 10, 11, 12, 13, 14, 15, 16, 17, 18, 19, 20, 21, 22, 23, 24, 25]
FVEMOA_DR WFG4 M10 	: []
FVEMOA_DR WFG5 M3 	: [1, 2, 3, 4, 5, 6, 7, 8, 9, 10, 11, 12, 13, 14, 15, 16, 17, 18, 19, 20, 21, 22, 23, 24, 25]
FVEMOA_DR WFG5 M5 	: [1, 2, 3, 4, 5, 6, 7, 8, 9, 10, 11, 12, 13, 14, 15, 16, 17, 18, 19, 20, 21, 22, 23, 24, 25]
FVEMOA_DR WFG5 M8 	: [1, 2, 3, 4, 5, 6, 7, 8, 9, 10, 11, 12, 13, 14, 15, 16, 17, 18, 19, 20, 21, 22, 23, 24, 25]
FVEMOA_DR WFG5 M10 	: [11, 12]
FVEMOA_DR WFG6 M3 	: [1, 2, 3, 4, 5, 6, 7, 8, 9, 10, 11, 12, 13, 14, 15, 16, 17, 18, 19, 20, 21, 22, 23, 24, 25]
FVEMOA_DR WFG6 M5 	: [1, 2, 3, 4, 5, 6, 7, 8, 9, 10, 11, 12, 13, 14, 15, 16, 17, 18, 19, 20, 21, 22, 23, 24, 25]
FVEMOA_DR WFG6 M8 	: [1, 2, 3, 4, 5, 6, 7, 8, 9, 10, 11, 12, 13, 14, 15, 16, 17, 18, 19, 20, 21, 22, 23, 24, 25]
FVEMOA_DR WFG6 M10 	: [23, 24, 25]
FVEMOA_DR WFG7 M3 	: [1, 2, 3, 4, 5, 6, 7, 8, 9, 10, 11, 12, 13, 14, 15, 16, 17, 18, 19, 20, 21, 22, 23, 24, 25]
FVEMOA_DR WFG7 M5 	: [1, 2, 3, 4, 5, 6, 7, 8, 9, 10, 11, 12, 13, 14, 15, 16, 17, 18, 19, 20, 21, 22, 23, 24, 25]
FVEMOA_DR WFG7 M8 	: [1, 2, 3, 4, 5, 6, 7, 8, 9, 10, 11, 12, 13, 14, 15, 16, 17, 18, 19, 20, 21, 22, 23, 24, 25]
FVEMOA_DR WFG7 M10 	: [1, 2, 3, 20, 21, 22, 23, 24, 25]
FVEMOA_DR WFG8 M3 	: [1, 2, 3, 4, 5, 6, 7, 8, 9, 10, 11, 12, 13, 14, 15, 16, 17, 18, 19, 20, 21, 22, 23, 24, 25]
FVEMOA_DR WFG8 M5 	: [1, 2, 3, 4, 5, 6, 7, 8, 9, 10, 11, 12, 13, 14, 15, 16, 17, 18, 19, 20, 21, 22, 23, 24, 25]
FVEMOA_DR WFG8 M8 	: [1, 2, 3, 4, 5, 6, 7, 8, 9, 10, 11, 12, 13, 14, 15, 16, 17, 18, 19, 20, 21, 22, 23, 24, 25]
FVEMOA_DR WFG8 M10 	: [1, 2, 3, 4, 5, 6, 7, 8, 9, 10, 11, 12, 13, 14, 15, 16]
FVEMOA_DR WFG9 M3 	: [1, 2, 3, 4, 5, 6, 7, 8, 9, 10, 11, 12, 13, 14, 15, 16, 17, 18, 19, 20, 21, 22, 23, 24, 25]
FVEMOA_DR WFG9 M5 	: [1, 2, 3, 4, 5, 6, 7, 8, 9, 10, 11, 12, 13, 14, 15, 16, 17, 18, 19, 20, 21, 22, 23, 24, 25]
FVEMOA_DR WFG9 M8 	: [1, 2, 3, 4, 5, 6, 7, 8, 9, 10, 11, 12, 13, 14, 15, 16, 17, 18, 19, 20, 21, 22, 23, 24, 25]
FVEMOA_DR WFG9 M10 	: []
FVEMOA_DR MaF1 M3 	: [1, 2, 3, 4, 5, 6, 7, 8, 9, 10, 11, 12, 13, 14, 15, 16, 17, 18, 19, 20, 21, 22, 23, 24, 25]
FVEMOA_DR MaF1 M5 	: [1, 2, 3, 4, 5, 6, 7, 8, 9, 10, 11, 12, 13, 14, 15, 16, 17, 18, 19, 20, 21, 22, 23, 24, 25]
FVEMOA_DR MaF1 M8 	: [1, 2, 3, 4, 5, 6, 7, 8, 9, 10, 11, 12, 13, 14, 15, 16, 17, 18, 19, 20, 21, 22, 23, 24, 25]
FVEMOA_DR MaF1 M10 	: [2, 3, 4, 5, 6, 7, 8, 9, 10, 11, 12, 13, 14, 15, 16, 17, 18, 19, 20, 21, 22, 23, 24, 25]
FVEMOA_DR MaF2 M3 	: [1, 2, 3, 4, 5, 6, 7, 8, 9, 10, 11, 12, 13, 14, 15, 16, 17, 18, 19, 20, 21, 22, 23, 24, 25]
FVEMOA_DR MaF2 M5 	: [1, 2, 3, 4, 5, 6, 7, 8, 9, 10, 11, 12, 13, 14, 15, 16, 17, 18, 19, 20, 21, 22, 23, 24, 25]
FVEMOA_DR MaF2 M8 	: [1, 2, 3, 4, 5, 6, 7, 8, 9, 10, 11, 12, 13, 14, 15, 16, 17, 18, 19, 20, 21, 22, 23, 24, 25]
FVEMOA_DR MaF2 M10 	: [1, 2, 3, 4, 5, 6, 7, 8, 9, 10, 11, 12, 13, 14, 15, 16, 17, 18, 19, 20, 21, 22, 23, 24, 25]
FVEMOA_DR MaF3 M3 	: [1, 2, 3, 4, 5, 6, 7, 8, 9, 10, 11, 12, 13, 14, 15, 16, 17, 18, 19, 20, 21, 22, 23, 24, 25]
FVEMOA_DR MaF3 M5 	: [1, 2, 3, 4, 5, 6, 7, 8, 9, 10, 11, 12, 13, 14, 15, 16, 17, 18, 19, 20, 21, 22, 23, 24, 25]
FVEMOA_DR MaF3 M8 	: [1, 2, 3, 4, 5, 6, 7, 8, 9, 10, 11, 12, 13, 14, 15, 16, 17, 18, 19, 20, 21, 22, 23, 24, 25]
FVEMOA_DR MaF3 M10 	: [1, 2, 3, 4, 5, 6, 7, 8, 9, 10, 11, 12]
FVEMOA_DR MaF4 M3 	: [1, 2, 3, 4, 5, 6, 7, 8, 9, 10, 11, 12, 13, 14, 15, 16, 17, 18, 19, 20, 21, 22, 23, 24, 25]
FVEMOA_DR MaF4 M5 	: [1, 2, 3, 4, 5, 6, 7, 8, 9, 10, 11, 12, 13, 14, 15, 16, 17, 18, 19, 20, 21, 22, 23, 24, 25]
FVEMOA_DR MaF4 M8 	: [1, 2, 3, 4, 5, 6, 7, 8, 9, 10, 11, 12, 13, 14, 15, 16, 17, 18, 19, 20, 21, 22, 23, 24, 25]
FVEMOA_DR MaF4 M10 	: [15, 16, 17, 18, 19, 20, 21, 22, 23, 24, 25]
FVEMOA_DR MaF5 M3 	: [1, 2, 3, 4, 5, 6, 7, 8, 9, 10, 11, 12, 13, 14, 15, 16, 17, 18, 19, 20, 21, 22, 23, 24, 25]
FVEMOA_DR MaF5 M5 	: [1, 2, 3, 4, 5, 6, 7, 8, 9, 10, 11, 12, 13, 14, 15, 16, 17, 18, 19, 20, 21, 22, 23, 24, 25]
FVEMOA_DR MaF5 M8 	: [1, 2, 3, 4, 5, 6, 7, 8, 9, 10, 11, 12, 13, 14, 15, 16, 17, 18, 19, 20, 21, 22, 23, 24, 25]
FVEMOA_DR MaF5 M10 	: [1, 2, 3, 4, 5, 6, 7, 8, 9, 10, 11, 12, 13]
FVEMOA_DR MaF6 M3 	: [1, 2, 3, 4, 5, 6, 7, 8, 9, 10, 11, 12, 13, 14, 15, 16, 17, 18, 19, 20, 21, 22, 23, 24, 25]
FVEMOA_DR MaF6 M5 	: [1, 2, 3, 4, 5, 6, 7, 8, 9, 10, 11, 12, 13, 14, 15, 16, 17, 18, 19, 20, 21, 22, 23, 24, 25]
FVEMOA_DR MaF6 M8 	: [1, 2, 3, 4, 5, 6, 7, 8, 9, 10, 11, 12, 13, 14, 15, 16, 17, 18, 19, 20, 21, 22, 23, 24, 25]
FVEMOA_DR MaF6 M10 	: [11, 12, 13, 14, 15, 16, 17, 18, 19, 20, 21, 22, 23, 24, 25]
FVEMOA_DR MaF7 M3 	: [1, 2, 3, 4, 5, 6, 7, 8, 9, 10, 11, 12, 13, 14, 15, 16, 17, 18, 19, 20, 21, 22, 23, 24, 25]
FVEMOA_DR MaF7 M5 	: [1, 2, 3, 4, 5, 6, 7, 8, 9, 10, 11, 12, 13, 14, 15, 16, 17, 18, 19, 20, 21, 22, 23, 24, 25]
FVEMOA_DR MaF7 M8 	: [1, 2, 3, 4, 5, 6, 7, 8, 9, 10, 11, 12, 13, 14, 15, 16, 17, 18, 19, 20, 21, 22, 23, 24, 25]
FVEMOA_DR MaF7 M10 	: [1, 2, 3, 4, 5, 6, 7, 8, 9, 10, 11, 12, 13, 14, 15, 16, 17, 18, 19, 20, 21, 22, 23, 24, 25]
FVEMOA_DR MaF8 M3 	: [1, 2, 3, 4, 5, 6, 7, 8, 9, 10, 11, 12, 13, 14, 15, 16, 17, 18, 19, 20, 21, 22, 23, 24, 25]
FVEMOA_DR MaF8 M5 	: [1, 2, 3, 4, 5, 6, 7, 8, 9, 10, 11, 12, 13, 14, 15, 16, 17, 18, 19, 20, 21, 22, 23, 24, 25]
FVEMOA_DR MaF8 M8 	: [1, 2, 3, 4, 5, 6, 7, 8, 9, 10, 11, 12, 13, 14, 15, 16, 17, 18, 19, 20, 21, 22, 23, 24, 25]
FVEMOA_DR MaF8 M10 	: [1, 2, 3, 4, 5, 6, 7, 8, 9, 10, 11, 12, 13, 14, 15, 16, 17, 18, 19, 20, 21, 22, 23, 24, 25]
FVEMOA_DR MaF9 M3 	: [1, 2, 3, 4, 5, 6, 7, 8, 9, 10, 11, 12, 13, 14, 15, 16, 17, 18, 19, 20, 21, 22, 23, 24, 25]
FVEMOA_DR MaF9 M5 	: [1, 2, 3, 4, 5, 6, 7, 8, 9, 10, 11, 12, 13, 14, 15, 16, 17, 18, 19, 20, 21, 22, 23, 24, 25]
FVEMOA_DR MaF9 M8 	: [1, 2, 3, 4, 5, 6, 7, 8, 9, 10, 11, 12, 13, 14, 15, 16, 17, 18, 19, 20, 21, 22, 23, 24, 25]
FVEMOA_DR MaF9 M10 	: [1, 2, 3, 4, 5, 6, 7]
FVEMOA_DR MaF10 M3 	: [1, 2, 3, 4, 5, 6, 7, 8, 9, 10, 11, 12, 13, 14, 15, 16, 17, 18, 19, 20, 21, 22, 23, 24, 25]
FVEMOA_DR MaF10 M5 	: [1, 2, 3, 4, 5, 6, 7, 8, 9, 10, 11, 12, 13, 14, 15, 16, 17, 18, 19, 20, 21, 22, 23, 24, 25]
FVEMOA_DR MaF10 M8 	: [1, 2, 3, 4, 5, 6, 7, 8, 9, 10, 11, 12, 13, 14, 15, 16, 17, 18, 19, 20, 21, 22, 23, 24, 25]
FVEMOA_DR MaF10 M10 	: [5, 6, 7, 8, 9]
FVEMOA_DR MaF11 M3 	: [1, 2, 3, 4, 5, 6, 7, 8, 9, 10, 11, 12, 13, 14, 15, 16, 17, 18, 19, 20, 21, 22, 23, 24, 25]
FVEMOA_DR MaF11 M5 	: [1, 2, 3, 4, 5, 6, 7, 8, 9, 10, 11, 12, 13, 14, 15, 16, 17, 18, 19, 20, 21, 22, 23, 24, 25]
FVEMOA_DR MaF11 M8 	: [1, 2, 3, 4, 5, 6, 7, 8, 9, 10, 11, 12, 13, 14, 15, 16, 17, 18, 19, 20, 21, 22, 23, 24, 25]
FVEMOA_DR MaF11 M10 	: [7, 16, 17]
FVEMOA_DR MaF12 M3 	: [1, 2, 3, 4, 5, 6, 7, 8, 9, 10, 11, 12, 13, 14, 15, 16, 17, 18, 19, 20, 21, 22, 23, 24, 25]
FVEMOA_DR MaF12 M5 	: [1, 2, 3, 4, 5, 6, 7, 8, 9, 10, 11, 12, 13, 14, 15, 16, 17, 18, 19, 20, 21, 22, 23, 24, 25]
FVEMOA_DR MaF12 M8 	: [1, 2, 3, 4, 5, 6, 7, 8, 9, 10, 11, 12, 13, 14, 15, 16, 17, 18, 19, 20, 21, 22, 23, 24, 25]
FVEMOA_DR MaF12 M10 	: []
FVEMOA_DR MaF13 M3 	: [1, 2, 3, 4, 5, 6, 7, 8, 9, 10, 11, 12, 13, 14, 15, 16, 17, 18, 19, 20, 21, 22, 23, 24, 25]
FVEMOA_DR MaF13 M5 	: [1, 2, 3, 4, 5, 6, 7, 8, 9, 10, 11, 12, 13, 14, 15, 16, 17, 18, 19, 20, 21, 22, 23, 24, 25]
FVEMOA_DR MaF13 M8 	: [1, 2, 3, 4, 5, 6, 7, 8, 9, 10, 11, 12, 13, 14, 15, 16, 17, 18, 19, 20, 21, 22, 23, 24, 25]
FVEMOA_DR MaF13 M10 	: [22, 23, 24, 25]
FVEMOA_DR MaF14 M3 	: [1, 2, 3, 4, 5, 6, 7, 8, 9, 10, 11, 12, 13, 14, 15, 16, 17, 18, 19, 20, 21, 22, 23, 24, 25]
FVEMOA_DR MaF14 M5 	: [1, 2, 3, 4, 5, 6, 7, 8, 9, 10, 11, 12, 13, 14, 15, 16, 17, 18, 19, 20, 21, 22, 23, 24, 25]
FVEMOA_DR MaF14 M8 	: [1, 2, 3, 4, 5, 6, 7, 8, 9, 10, 11, 12, 13, 14, 15, 16, 17, 18, 19, 20, 21, 22, 23, 24, 25]
FVEMOA_DR MaF14 M10 	: [1, 2, 3, 4, 5, 14]
FVEMOA_DR MaF15 M3 	: [1, 2, 3, 4, 5, 6, 7, 8, 9, 10, 11, 12, 13, 14, 15, 16, 17, 18, 19, 20, 21, 22, 23, 24, 25]
FVEMOA_DR MaF15 M5 	: [1, 2, 3, 4, 5, 6, 7, 8, 9, 10, 11, 12, 13, 14, 15, 16, 17, 18, 19, 20, 21, 22, 23, 24, 25]
FVEMOA_DR MaF15 M8 	: [1, 2, 3, 4, 5, 6, 7, 8, 9, 10, 11, 12, 13, 14, 15, 16, 17, 18, 19, 20, 21, 22, 23, 24, 25]
FVEMOA_DR MaF15 M10 	: []
HypE DTLZ1 M3 	: [1, 2, 3, 4, 5, 6, 7, 8, 9, 10, 11, 12, 13, 14, 15, 16, 17, 18, 19, 20, 21, 22, 23, 24, 25, 26, 27, 28, 29, 30]
HypE DTLZ1 M5 	: [1, 2, 3, 4, 5, 6, 7, 8, 9, 10, 11, 12, 13, 14, 15, 16, 17, 18, 19, 20, 21, 22, 23, 24, 25, 26, 27, 28, 29, 30]
HypE DTLZ1 M8 	: [1, 2, 3, 4, 5]
HypE DTLZ1 M10 	: [1, 2, 3, 4, 5]
HypE DTLZ2 M3 	: [1, 2, 3, 4, 5, 6, 7, 8, 9, 10, 11, 12, 13, 14, 15, 16, 17, 18, 19, 20, 21, 22, 23, 24, 25, 26, 27, 28, 29, 30]
HypE DTLZ2 M5 	: [1, 2, 3, 4, 5, 6, 7, 8, 9, 10, 11, 12, 13, 14, 15, 16, 17, 18, 19, 20, 21, 22, 23, 24, 25, 26, 27, 28, 29, 30]
HypE DTLZ2 M8 	: [1, 2, 3, 4, 5]
HypE DTLZ2 M10 	: [1, 2, 3, 4, 5]
HypE DTLZ3 M3 	: [1, 2, 3, 4, 5, 6, 7, 8, 9, 10, 11, 12, 13, 14, 15, 16, 17, 18, 19, 20, 21, 22, 23, 24, 25, 26, 27, 28, 29, 30]
HypE DTLZ3 M5 	: [1, 2, 3, 4, 5, 6, 7, 8, 9, 10, 11, 12, 13, 14, 15, 16, 17, 18, 19, 20, 21, 22, 23, 24, 25, 26, 27, 28, 29, 30]
HypE DTLZ3 M8 	: [1, 2, 3, 4, 5]
HypE DTLZ3 M10 	: [1, 2, 3, 4, 5]
HypE DTLZ4 M3 	: [1, 2, 3, 4, 5, 6, 7, 8, 9, 10, 11, 12, 13, 14, 15, 16, 17, 18, 19, 20, 21, 22, 23, 24, 25, 26, 27, 28, 29, 30]
HypE DTLZ4 M5 	: [1, 2, 3, 4, 5, 6, 7, 8, 9, 10, 11, 12, 13, 14, 15, 16, 17, 18, 19, 20, 21, 22, 23, 24, 25, 26, 27, 28, 29, 30]
HypE DTLZ4 M8 	: [1, 2, 3, 4, 5]
HypE DTLZ4 M10 	: [1, 2, 3, 4, 5]
HypE DTLZ5 M3 	: [1, 2, 3, 4, 5, 6, 7, 8, 9, 10, 11, 12, 13, 14, 15, 16, 17, 18, 19, 20, 21, 22, 23, 24, 25, 26, 27, 28, 29, 30]
HypE DTLZ5 M5 	: [1, 2, 3, 4, 5, 6, 7, 8, 9, 10, 11, 12, 13, 14, 15, 16, 17, 18, 19, 20, 21, 22, 23]
HypE DTLZ5 M8 	: [1, 2, 3, 4, 5]
HypE DTLZ5 M10 	: [1, 2, 3, 4, 5]
HypE DTLZ6 M3 	: [1, 2, 3, 4, 5, 6, 7, 8, 9, 10, 11, 12, 13, 14, 15, 16, 17, 18, 19, 20, 21, 22, 23, 24, 25, 26, 27, 28, 29, 30]
HypE DTLZ6 M5 	: [1, 2, 3, 4, 5, 6, 7, 8, 9, 10]
HypE DTLZ6 M8 	: [1, 2, 3, 4, 5]
HypE DTLZ6 M10 	: [1, 2, 3, 4, 5]
HypE DTLZ7 M3 	: [1, 2, 3, 4, 5, 6, 7, 8, 9, 10, 11, 12, 13, 14, 15, 16, 17, 18, 19, 20, 21, 22, 23, 24, 25, 26, 27, 28, 29, 30]
HypE DTLZ7 M5 	: [1, 2, 3, 4, 5, 6, 7, 8, 9, 10]
HypE DTLZ7 M8 	: [1, 2, 3, 4, 5]
HypE DTLZ7 M10 	: [1, 2, 3, 4, 5]
HypE DTLZ8 M3 	: [1, 2, 3, 4, 5, 6, 7, 8, 9, 10, 11, 12, 13, 14, 15, 16, 17, 18, 19, 20, 21, 22, 23, 24, 25, 26, 27, 28, 29, 30]
HypE DTLZ8 M5 	: [1, 2, 3, 4, 5, 6, 7, 8, 9, 10]
HypE DTLZ8 M8 	: [1, 2, 3, 4, 5]
HypE DTLZ8 M10 	: [1, 2, 3, 4, 5]
HypE DTLZ9 M3 	: [1, 2, 3, 4, 5, 6, 7, 8, 9, 10, 11, 12, 13, 14, 15, 16, 17, 18, 19, 20, 21, 22, 23, 24, 25, 26, 27, 28, 29, 30]
HypE DTLZ9 M5 	: [1, 2, 3, 4, 5, 6, 7, 8, 9, 10]
HypE DTLZ9 M8 	: [1, 2, 3, 4, 5]
HypE DTLZ9 M10 	: [1, 2, 3, 4, 5]
HypE C1_DTLZ1 M3 	: [1, 2, 3, 4, 5, 6, 7, 8, 9, 10, 11, 12, 13, 14, 15, 16, 17, 18, 19, 20, 21, 22, 23, 24, 25, 26, 27, 28, 29, 30]
HypE C1_DTLZ1 M5 	: [1, 2, 3, 4, 5, 6, 7, 8, 9, 10]
HypE C1_DTLZ1 M8 	: [1, 2, 3, 4, 5]
HypE C1_DTLZ1 M10 	: [1, 2, 3, 4, 5]
HypE C2_DTLZ2 M3 	: [1, 2, 3, 4, 5, 6, 7, 8, 9, 10, 11, 12, 13, 14, 15, 16, 17, 18, 19, 20, 21, 22, 23, 24, 25, 26, 27, 28, 29, 30]
HypE C2_DTLZ2 M5 	: [1, 2, 3, 4, 5, 6, 7, 8, 9, 10]
HypE C2_DTLZ2 M8 	: [1, 2, 3, 4, 5]
HypE C2_DTLZ2 M10 	: [1, 2, 3, 4, 5]
HypE C3_DTLZ4 M3 	: [1, 2, 3, 4, 5, 6, 7, 8, 9, 10, 11, 12, 13, 14, 15, 16, 17, 18, 19, 20, 21, 22, 23, 24, 25, 26, 27, 28, 29, 30]
HypE C3_DTLZ4 M5 	: [1, 2, 3, 4, 5, 6, 7, 8, 9, 10]
HypE C3_DTLZ4 M8 	: [1, 2, 3, 4, 5]
HypE C3_DTLZ4 M10 	: [1, 2, 3, 4, 5]
HypE CDTLZ2 M3 	: [1, 2, 3, 4, 5, 6, 7, 8, 9, 10, 11, 12, 13, 14, 15, 16, 17, 18, 19, 20, 21, 22, 23, 24, 25, 26, 27, 28, 29, 30]
HypE CDTLZ2 M5 	: [1, 2, 3, 4, 5, 6, 7, 8, 9, 10]
HypE CDTLZ2 M8 	: [1, 2, 3, 4, 5]
HypE CDTLZ2 M10 	: [1, 2, 3, 4, 5]
HypE IDTLZ1 M3 	: [1, 2, 3, 4, 5, 6, 7, 8, 9, 10, 11, 12, 13, 14, 15, 16, 17, 18, 19, 20, 21, 22, 23, 24, 25, 26, 27, 28, 29, 30]
HypE IDTLZ1 M5 	: [1, 2, 3, 4, 5, 6, 7, 8, 9, 10]
HypE IDTLZ1 M8 	: [1, 2, 3, 4, 5]
HypE IDTLZ1 M10 	: [1, 2, 3, 4, 5]
HypE IDTLZ2 M3 	: [1, 2, 3, 4, 5, 6, 7, 8, 9, 10, 11, 12, 13, 14, 15, 16, 17, 18, 19, 20, 21, 22, 23, 24, 25, 26, 27, 28, 29, 30]
HypE IDTLZ2 M5 	: [1, 2, 3, 4, 5, 6, 7, 8, 9, 10]
HypE IDTLZ2 M8 	: [1, 2, 3, 4, 5]
HypE IDTLZ2 M10 	: [1, 2, 3, 4, 5]
HypE SDTLZ1 M3 	: [1, 2, 3, 4, 5, 6, 7, 8, 9, 10, 11, 12, 13, 14, 15, 16, 17, 18, 19, 20, 21, 22, 23, 24, 25, 26, 27, 28, 29, 30]
HypE SDTLZ1 M5 	: [1, 2, 3, 4, 5, 6, 7, 8, 9, 10]
HypE SDTLZ1 M8 	: [1, 2, 3, 4, 5]
HypE SDTLZ1 M10 	: [1, 2, 3, 4, 5]
HypE WFG1 M3 	: [1, 2, 3, 4, 5, 6, 7, 8, 9, 10, 11, 12, 13, 14, 15, 16, 17, 18, 19, 20, 21, 22, 23, 24, 25, 26, 27, 28, 29, 30]
HypE WFG1 M5 	: [1, 2, 3, 4, 5, 6, 7, 8, 9, 10]
HypE WFG1 M8 	: [1, 2, 3, 4, 5]
HypE WFG1 M10 	: [1, 2, 3, 4, 5]
HypE WFG2 M3 	: [1, 2, 3, 4, 5, 6, 7, 8, 9, 10, 11, 12, 13, 14, 15, 16, 17, 18, 19, 20, 21, 22, 23, 24, 25, 26, 27, 28, 29, 30]
HypE WFG2 M5 	: [1, 2, 3, 4, 5, 6, 7, 8, 9, 10]
HypE WFG2 M8 	: [1, 2, 3, 4, 5]
HypE WFG2 M10 	: [1, 2, 3, 4, 5]
HypE WFG3 M3 	: [1, 2, 3, 4, 5, 6, 7, 8, 9, 10, 11, 12, 13, 14, 15, 16, 17, 18, 19, 20, 21, 22, 23, 24, 25, 26, 27, 28, 29, 30]
HypE WFG3 M5 	: [1, 2, 3, 4, 5, 6, 7, 8, 9, 10]
HypE WFG3 M8 	: [1, 2, 3, 4, 5]
HypE WFG3 M10 	: [1, 2, 3, 4, 5]
HypE WFG4 M3 	: [1, 2, 3, 4, 5, 6, 7, 8, 9, 10, 11, 12, 13, 14, 15, 16, 17, 18, 19, 20, 21, 22, 23, 24, 25, 26, 27, 28, 29, 30]
HypE WFG4 M5 	: [1, 2, 3, 4, 5, 6, 7, 8, 9, 10]
HypE WFG4 M8 	: [1, 2, 3, 4, 5]
HypE WFG4 M10 	: [1, 2, 3, 4, 5]
HypE WFG5 M3 	: [1, 2, 3, 4, 5, 6, 7, 8, 9, 10, 11, 12, 13, 14, 15, 16, 17, 18, 19, 20, 21, 22, 23, 24, 25, 26, 27, 28, 29, 30]
HypE WFG5 M5 	: [1, 2, 3, 4, 5, 6, 7, 8, 9, 10]
HypE WFG5 M8 	: [1, 2, 3, 4, 5]
HypE WFG5 M10 	: [1, 2, 3, 4, 5]
HypE WFG6 M3 	: [1, 2, 3, 4, 5, 6, 7, 8, 9, 10, 11, 12, 13, 14, 15, 16, 17, 18, 19, 20, 21, 22, 23, 24, 25, 26, 27, 28, 29, 30]
HypE WFG6 M5 	: [1, 2, 3, 4, 5, 6, 7, 8, 9, 10]
HypE WFG6 M8 	: [1, 2, 3, 4, 5]
HypE WFG6 M10 	: [1, 2, 3, 4, 5]
HypE WFG7 M3 	: [1, 2, 3, 4, 5, 6, 7, 8, 9, 10, 11, 12, 13, 14, 15, 16, 17, 18, 19, 20, 21, 22, 23, 24, 25, 26, 27, 28, 29, 30]
HypE WFG7 M5 	: [1, 2, 3, 4, 5, 6, 7, 8, 9, 10]
HypE WFG7 M8 	: [1, 2, 3, 4, 5]
HypE WFG7 M10 	: [1, 2, 3, 4, 5]
HypE WFG8 M3 	: [1, 2, 3, 4, 5, 6, 7, 8, 9, 10, 11, 12, 13, 14, 15, 16, 17, 18, 19, 20, 21, 22, 23, 24, 25, 26, 27, 28, 29, 30]
HypE WFG8 M5 	: [1, 2, 3, 4, 5, 6, 7, 8, 9, 10]
HypE WFG8 M8 	: [1, 2, 3, 4, 5]
HypE WFG8 M10 	: [1, 2, 3, 4, 5]
HypE WFG9 M3 	: [1, 2, 3, 4, 5, 6, 7, 8, 9, 10, 11, 12, 13, 14, 15, 16, 17, 18, 19, 20, 21, 22, 23, 24, 25, 26, 27, 28, 29, 30]
HypE WFG9 M5 	: [1, 2, 3, 4, 5, 6, 7, 8, 9, 10]
HypE WFG9 M8 	: [1, 2, 3, 4, 5]
HypE WFG9 M10 	: [1, 2, 3, 4, 5]
HypE MaF1 M3 	: [1, 2, 3, 4, 5, 6, 7, 8, 9, 10, 11, 12, 13, 14, 15, 16, 17, 18, 19, 20, 21, 22, 23, 24, 25, 26, 27, 28, 29, 30]
HypE MaF1 M5 	: [1, 2, 3, 4, 5, 6, 7, 8, 9, 10]
HypE MaF1 M8 	: [1, 2, 3, 4, 5]
HypE MaF1 M10 	: [1, 2, 3, 4, 5]
HypE MaF2 M3 	: [1, 2, 3, 4, 5, 6, 7, 8, 9, 10, 11, 12, 13, 14, 15, 16, 17, 18, 19, 20, 21, 22, 23, 24, 25, 26, 27, 28, 29, 30]
HypE MaF2 M5 	: [1, 2, 3, 4, 5, 6, 7, 8, 9, 10]
HypE MaF2 M8 	: [1, 2, 3, 4, 5]
HypE MaF2 M10 	: [1, 2, 3, 4, 5]
HypE MaF3 M3 	: [1, 2, 3, 4, 5, 6, 7, 8, 9, 10, 11, 12, 13, 14, 15, 16, 17, 18, 19, 20, 21, 22, 23, 24, 25, 26, 27, 28, 29, 30]
HypE MaF3 M5 	: [1, 2, 3, 4, 5, 6, 7, 8, 9, 10]
HypE MaF3 M8 	: [1, 2, 3, 4, 5]
HypE MaF3 M10 	: [1, 2, 3, 4, 5]
HypE MaF4 M3 	: [1, 2, 3, 4, 5, 6, 7, 8, 9, 10, 11, 12, 13, 14, 15, 16, 17, 18, 19, 20, 21, 22, 23, 24, 25, 26, 27, 28, 29, 30]
HypE MaF4 M5 	: [1, 2, 3, 4, 5, 6, 7, 8, 9, 10]
HypE MaF4 M8 	: [1, 2, 3, 4, 5]
HypE MaF4 M10 	: [1, 2, 3, 4, 5]
HypE MaF5 M3 	: [1, 2, 3, 4, 5, 6, 7, 8, 9, 10, 11, 12, 13, 14, 15, 16, 17, 18, 19, 20, 21, 22, 23, 24, 25, 26, 27, 28, 29, 30]
HypE MaF5 M5 	: [1, 2, 3, 4, 5, 6, 7, 8, 9, 10]
HypE MaF5 M8 	: [1, 2, 3, 4, 5]
HypE MaF5 M10 	: [1, 2, 3, 4, 5]
HypE MaF6 M3 	: [1, 2, 3, 4, 5, 6, 7, 8, 9, 10, 11, 12, 13, 14, 15, 16, 17, 18, 19, 20, 21, 22, 23, 24, 25, 26, 27, 28, 29, 30]
HypE MaF6 M5 	: [1, 2, 3, 4, 5, 6, 7, 8, 9, 10]
HypE MaF6 M8 	: [1, 2, 3, 4, 5]
HypE MaF6 M10 	: [1, 2, 3, 4, 5]
HypE MaF7 M3 	: [1, 2, 3, 4, 5, 6, 7, 8, 9, 10, 11, 12, 13, 14, 15, 16, 17, 18, 19, 20, 21, 22, 23, 24, 25, 26, 27, 28, 29, 30]
HypE MaF7 M5 	: [1, 2, 3, 4, 5, 6, 7, 8, 9, 10]
HypE MaF7 M8 	: [1, 2, 3, 4, 5]
HypE MaF7 M10 	: [1, 2, 3, 4, 5]
HypE MaF8 M3 	: [1, 2, 3, 4, 5, 6, 7, 8, 9, 10, 11, 12, 13, 14, 15, 16, 17, 18, 19, 20, 21, 22, 23, 24, 25, 26, 27, 28, 29, 30]
HypE MaF8 M5 	: [1, 2, 3, 4, 5, 6, 7, 8, 9, 10]
HypE MaF8 M8 	: [1, 2, 3, 4, 5]
HypE MaF8 M10 	: [1, 2, 3, 4, 5]
HypE MaF9 M3 	: [1, 2, 3, 4, 5, 6, 7, 8, 9, 10, 11, 12, 13, 14, 15, 16, 17, 18, 19, 20, 21, 22, 23, 24, 25, 26, 27, 28, 29, 30]
HypE MaF9 M5 	: [1, 2, 3, 4, 5, 6, 7, 8, 9, 10]
HypE MaF9 M8 	: [1, 2, 3, 4, 5]
HypE MaF9 M10 	: [1, 2, 3, 4, 5]
HypE MaF10 M3 	: [1, 2, 3, 4, 5, 6, 7, 8, 9, 10, 11, 12, 13, 14, 15, 16, 17, 18, 19, 20, 21, 22, 23, 24, 25, 26, 27, 28, 29, 30]
HypE MaF10 M5 	: [1, 2, 3, 4, 5, 6, 7, 8, 9, 10]
HypE MaF10 M8 	: [1, 2, 3, 4, 5]
HypE MaF10 M10 	: [1, 2, 3, 4, 5]
HypE MaF11 M3 	: [1, 2, 3, 4, 5, 6, 7, 8, 9, 10, 11, 12, 13, 14, 15, 16, 17, 18, 19, 20, 21, 22, 23, 24, 25, 26, 27, 28, 29, 30]
HypE MaF11 M5 	: [1, 2, 3, 4, 5, 6, 7, 8, 9, 10]
HypE MaF11 M8 	: [1, 2, 3, 4, 5]
HypE MaF11 M10 	: [1, 2, 3, 4, 5]
HypE MaF12 M3 	: [1, 2, 3, 4, 5, 6, 7, 8, 9, 10, 11, 12, 13, 14, 15, 16, 17, 18, 19, 20, 21, 22, 23, 24, 25, 26, 27, 28, 29, 30]
HypE MaF12 M5 	: [1, 2, 3, 4, 5, 6, 7, 8, 9, 10]
HypE MaF12 M8 	: [1, 2, 3, 4, 5]
HypE MaF12 M10 	: [1, 2, 3, 4, 5]
HypE MaF13 M3 	: [1, 2, 3, 4, 5, 6, 7, 8, 9, 10, 11, 12, 13, 14, 15, 16, 17, 18, 19, 20, 21, 22, 23, 24, 25, 26, 27, 28, 29, 30]
HypE MaF13 M5 	: [1, 2, 3, 4, 5, 6, 7, 8, 9, 10]
HypE MaF13 M8 	: [1, 2, 3, 4, 5]
HypE MaF13 M10 	: [1, 2, 3, 4, 5]
HypE MaF14 M3 	: [1, 2, 3, 4, 5, 6, 7, 8, 9, 10, 11, 12, 13, 14, 15, 16, 17, 18, 19, 20, 21, 22, 23, 24, 25, 26, 27, 28, 29, 30]
HypE MaF14 M5 	: [1, 2, 3, 4, 5, 6, 7, 8, 9, 10]
HypE MaF14 M8 	: [1, 2, 3, 4, 5]
HypE MaF14 M10 	: [1, 2, 3, 4, 5]
HypE MaF15 M3 	: [1, 2, 3, 4, 5, 6, 7, 8, 9, 10, 11, 12, 13, 14, 15, 16, 17, 18, 19, 20, 21, 22, 23, 24, 25, 26, 27, 28, 29, 30]
HypE MaF15 M5 	: [1, 2, 3, 4, 5, 6, 7, 8, 9, 10]
HypE MaF15 M8 	: [1, 2, 3, 4, 5]
HypE MaF15 M10 	: [1, 2, 3, 4, 5]
SMSEMOA DTLZ1 M3 	: [1, 2, 3, 4, 5, 6, 7, 8, 9, 10, 11, 12, 13, 14, 15, 16, 17, 18, 19, 20, 21, 22, 23, 24, 25, 26, 27, 28, 29, 30]
SMSEMOA DTLZ1 M5 	: [1, 2, 3, 4, 5, 6, 7, 8, 9, 10, 11, 12, 13, 14, 15, 16, 17, 18, 19, 20, 21, 22, 23, 24, 25, 26, 27, 28, 29, 30]
SMSEMOA DTLZ1 M8 	: [1, 2, 3, 4, 5]
SMSEMOA DTLZ1 M10 	: [1, 2, 3, 4]
SMSEMOA DTLZ2 M3 	: [1, 2, 3, 4, 5, 6, 7, 8, 9, 10, 11, 12, 13, 14, 15, 16, 17, 18, 19, 20, 21, 22, 23, 24, 25, 26, 27, 28, 29, 30]
SMSEMOA DTLZ2 M5 	: [1, 2, 3, 4, 5, 6, 7, 8, 9, 10, 11, 12, 13, 14, 15, 16, 17, 18, 19, 20, 21, 22, 23, 24, 25, 26, 27, 28, 29, 30]
SMSEMOA DTLZ2 M8 	: [1, 2, 3, 4, 5]
SMSEMOA DTLZ2 M10 	: []
SMSEMOA DTLZ3 M3 	: [1, 2, 3, 4, 5, 6, 7, 8, 9, 10, 11, 12, 13, 14, 15, 16, 17, 18, 19, 20, 21, 22, 23, 24, 25, 26, 27, 28, 29, 30]
SMSEMOA DTLZ3 M5 	: [1, 2, 3, 4, 5, 6, 7, 8, 9, 10, 11, 12, 13, 14, 15, 16, 17, 18, 19, 20, 21, 22, 23, 24, 25, 26, 27, 28, 29, 30]
SMSEMOA DTLZ3 M8 	: [1, 2, 3, 4, 5]
SMSEMOA DTLZ3 M10 	: []
SMSEMOA DTLZ4 M3 	: [1, 2, 3, 4, 5, 6, 7, 8, 9, 10, 11, 12, 13, 14, 15, 16, 17, 18, 19, 20, 21, 22, 23, 24, 25, 26, 27, 28, 29, 30]
SMSEMOA DTLZ4 M5 	: [1, 2, 3, 4, 5, 6, 7, 8, 9, 10, 11, 12, 13, 14, 15, 16, 17, 18, 19, 20, 21, 22, 23, 24, 25, 26, 27, 28, 29, 30]
SMSEMOA DTLZ4 M8 	: [1, 2, 3, 4, 5]
SMSEMOA DTLZ4 M10 	: []
SMSEMOA DTLZ5 M3 	: [1, 2, 3, 4, 5, 6, 7, 8, 9, 10, 11, 12, 13, 14, 15, 16, 17, 18, 19, 20, 21, 22, 23, 24, 25, 26, 27, 28, 29, 30]
SMSEMOA DTLZ5 M5 	: [1, 2, 3, 4, 5, 6, 7, 8, 9, 10, 11, 12, 13, 14, 15, 16, 17, 18, 19, 20, 21, 22, 23, 24, 25, 26, 27, 28, 29, 30]
SMSEMOA DTLZ5 M8 	: [1, 2, 3, 4, 5]
SMSEMOA DTLZ5 M10 	: [1, 2, 3, 4, 5]
SMSEMOA DTLZ6 M3 	: [1, 2, 3, 4, 5, 6, 7, 8, 9, 10, 11, 12, 13, 14, 15, 16, 17, 18, 19, 20, 21, 22, 23, 24, 25, 26, 27, 28, 29, 30]
SMSEMOA DTLZ6 M5 	: [1, 2, 3, 4, 5, 6, 7, 8, 9, 10]
SMSEMOA DTLZ6 M8 	: [1, 2, 3, 4, 5]
SMSEMOA DTLZ6 M10 	: [1, 2, 3, 4, 5]
SMSEMOA DTLZ7 M3 	: [1, 2, 3, 4, 5, 6, 7, 8, 9, 10, 11, 12, 13, 14, 15, 16, 17, 18, 19, 20, 21, 22, 23, 24, 25, 26, 27, 28, 29, 30]
SMSEMOA DTLZ7 M5 	: [1, 2, 3, 4, 5, 6, 7, 8, 9, 10]
SMSEMOA DTLZ7 M8 	: [1, 2, 3, 4, 5]
SMSEMOA DTLZ7 M10 	: [1, 2, 3, 4, 5]
SMSEMOA DTLZ8 M3 	: [1, 2, 3, 4, 5, 6, 7, 8, 9, 10, 11, 12, 13, 14, 15, 16, 17, 18, 19, 20, 21, 22, 23, 24, 25, 26, 27, 28, 29, 30]
SMSEMOA DTLZ8 M5 	: [1, 2, 3, 4, 5, 6, 7, 8, 9, 10]
SMSEMOA DTLZ8 M8 	: [1, 2, 3, 4, 5]
SMSEMOA DTLZ8 M10 	: [1, 2, 3, 4, 5]
SMSEMOA DTLZ9 M3 	: [1, 2, 3, 4, 5, 6, 7, 8, 9, 10, 11, 12, 13, 14, 15, 16, 17, 18, 19, 20, 21, 22, 23, 24, 25, 26, 27, 28, 29, 30]
SMSEMOA DTLZ9 M5 	: [1, 2, 3, 4, 5, 6, 7, 8, 9, 10]
SMSEMOA DTLZ9 M8 	: [1, 2, 3, 4, 5]
SMSEMOA DTLZ9 M10 	: [1, 2, 3, 4, 5]
SMSEMOA C1_DTLZ1 M3 	: [1, 2, 3, 4, 5, 6, 7, 8, 9, 10, 11, 12, 13, 14, 15, 16, 17, 18, 19, 20, 21, 22, 23, 24, 25, 26, 27, 28, 29, 30]
SMSEMOA C1_DTLZ1 M5 	: [1, 2, 3, 4, 5, 6, 7, 8, 9, 10]
SMSEMOA C1_DTLZ1 M8 	: [1, 2, 3, 4, 5]
SMSEMOA C1_DTLZ1 M10 	: [1, 2, 3, 4, 5]
SMSEMOA C2_DTLZ2 M3 	: [1, 2, 3, 4, 5, 6, 7, 8, 9, 10, 11, 12, 13, 14, 15, 16, 17, 18, 19, 20, 21, 22, 23, 24, 25, 26, 27, 28, 29, 30]
SMSEMOA C2_DTLZ2 M5 	: [1, 2, 3, 4, 5, 6, 7, 8, 9, 10]
SMSEMOA C2_DTLZ2 M8 	: [1, 2, 3, 4, 5]
SMSEMOA C2_DTLZ2 M10 	: [1, 2, 3, 4]
SMSEMOA C3_DTLZ4 M3 	: [1, 2, 3, 4, 5, 6, 7, 8, 9, 10, 11, 12, 13, 14, 15, 16, 17, 18, 19, 20, 21, 22, 23, 24, 25, 26, 27, 28, 29, 30]
SMSEMOA C3_DTLZ4 M5 	: [1, 2, 3, 4, 5, 6, 7, 8, 9, 10]
SMSEMOA C3_DTLZ4 M8 	: [1, 2, 3, 4, 5]
SMSEMOA C3_DTLZ4 M10 	: []
SMSEMOA CDTLZ2 M3 	: [1, 2, 3, 4, 5, 6, 7, 8, 9, 10, 11, 12, 13, 14, 15, 16, 17, 18, 19, 20, 21, 22, 23, 24, 25, 26, 27, 28, 29, 30]
SMSEMOA CDTLZ2 M5 	: [1, 2, 3, 4, 5, 6, 7, 8, 9, 10]
SMSEMOA CDTLZ2 M8 	: [1, 2, 3, 4, 5]
SMSEMOA CDTLZ2 M10 	: []
SMSEMOA IDTLZ1 M3 	: [1, 2, 3, 4, 5, 6, 7, 8, 9, 10, 11, 12, 13, 14, 15, 16, 17, 18, 19, 20, 21, 22, 23, 24, 25, 26, 27, 28, 29, 30]
SMSEMOA IDTLZ1 M5 	: [1, 2, 3, 4, 5, 6, 7, 8, 9, 10]
SMSEMOA IDTLZ1 M8 	: [1, 2, 3, 4, 5]
SMSEMOA IDTLZ1 M10 	: []
SMSEMOA IDTLZ2 M3 	: [1, 2, 3, 4, 5, 6, 7, 8, 9, 10, 11, 12, 13, 14, 15, 16, 17, 18, 19, 20, 21, 22, 23, 24, 25, 26, 27, 28, 29, 30]
SMSEMOA IDTLZ2 M5 	: [1, 2, 3, 4, 5, 6, 7, 8, 9, 10]
SMSEMOA IDTLZ2 M8 	: [1, 2, 3, 4, 5]
SMSEMOA IDTLZ2 M10 	: []
SMSEMOA SDTLZ1 M3 	: [1, 2, 3, 4, 5, 6, 7, 8, 9, 10, 11, 12, 13, 14, 15, 16, 17, 18, 19, 20, 21, 22, 23, 24, 25, 26, 27, 28, 29, 30]
SMSEMOA SDTLZ1 M5 	: [1, 2, 3, 4, 5, 6, 7, 8, 9, 10]
SMSEMOA SDTLZ1 M8 	: [1, 2, 3, 4, 5]
SMSEMOA SDTLZ1 M10 	: []
SMSEMOA WFG1 M3 	: [1, 2, 3, 4, 5, 6, 7, 8, 9, 10, 11, 12, 13, 14, 15, 16, 17, 18, 19, 20, 21, 22, 23, 24, 25, 26, 27, 28, 29, 30]
SMSEMOA WFG1 M5 	: [1, 2, 3, 4, 5, 6, 7, 8, 9, 10]
SMSEMOA WFG1 M8 	: [1, 2, 3, 4, 5]
SMSEMOA WFG1 M10 	: [3, 4, 5]
SMSEMOA WFG2 M3 	: [1, 2, 3, 4, 5, 6, 7, 8, 9, 10, 11, 12, 13, 14, 15, 16, 17, 18, 19, 20, 21, 22, 23, 24, 25, 26, 27, 28, 29, 30]
SMSEMOA WFG2 M5 	: [1, 2, 3, 4, 5, 6, 7, 8, 9, 10]
SMSEMOA WFG2 M8 	: [1, 2, 3, 4, 5]
SMSEMOA WFG2 M10 	: [1, 2, 3, 4, 5]
SMSEMOA WFG3 M3 	: [1, 2, 3, 4, 5, 6, 7, 8, 9, 10, 11, 12, 13, 14, 15, 16, 17, 18, 19, 20, 21, 22, 23, 24, 25, 26, 27, 28, 29, 30]
SMSEMOA WFG3 M5 	: [1, 2, 3, 4, 5, 6, 7, 8, 9, 10]
SMSEMOA WFG3 M8 	: [1, 2, 3, 4, 5]
SMSEMOA WFG3 M10 	: [1, 2, 3, 4, 5]
SMSEMOA WFG4 M3 	: [1, 2, 3, 4, 5, 6, 7, 8, 9, 10, 11, 12, 13, 14, 15, 16, 17, 18, 19, 20, 21, 22, 23, 24, 25, 26, 27, 28, 29, 30]
SMSEMOA WFG4 M5 	: [1, 2, 3, 4, 5, 6, 7, 8, 9, 10]
SMSEMOA WFG4 M8 	: [1, 2, 3, 4, 5]
SMSEMOA WFG4 M10 	: [1, 2, 3, 4, 5]
SMSEMOA WFG5 M3 	: [1, 2, 3, 4, 5, 6, 7, 8, 9, 10, 11, 12, 13, 14, 15, 16, 17, 18, 19, 20, 21, 22, 23, 24, 25, 26, 27, 28, 29, 30]
SMSEMOA WFG5 M5 	: [1, 2, 3, 4, 5, 6, 7, 8, 9, 10]
SMSEMOA WFG5 M8 	: [1, 2, 3, 4, 5]
SMSEMOA WFG5 M10 	: []
SMSEMOA WFG6 M3 	: [1, 2, 3, 4, 5, 6, 7, 8, 9, 10, 11, 12, 13, 14, 15, 16, 17, 18, 19, 20, 21, 22, 23, 24, 25, 26, 27, 28, 29, 30]
SMSEMOA WFG6 M5 	: [1, 2, 3, 4, 5, 6, 7, 8, 9, 10]
SMSEMOA WFG6 M8 	: [1, 2, 3, 4, 5]
SMSEMOA WFG6 M10 	: []
SMSEMOA WFG7 M3 	: [1, 2, 3, 4, 5, 6, 7, 8, 9, 10, 11, 12, 13, 14, 15, 16, 17, 18, 19, 20, 21, 22, 23, 24, 25, 26, 27, 28, 29, 30]
SMSEMOA WFG7 M5 	: [1, 2, 3, 4, 5, 6, 7, 8, 9, 10]
SMSEMOA WFG7 M8 	: [1, 2, 3, 4, 5]
SMSEMOA WFG7 M10 	: []
SMSEMOA WFG8 M3 	: [1, 2, 3, 4, 5, 6, 7, 8, 9, 10, 11, 12, 13, 14, 15, 16, 17, 18, 19, 20, 21, 22, 23, 24, 25, 26, 27, 28, 29, 30]
SMSEMOA WFG8 M5 	: [1, 2, 3, 4, 5, 6, 7, 8, 9, 10]
SMSEMOA WFG8 M8 	: [1, 2, 3, 4, 5]
SMSEMOA WFG8 M10 	: []
SMSEMOA WFG9 M3 	: [1, 2, 3, 4, 5, 6, 7, 8, 9, 10, 11, 12, 13, 14, 15, 16, 17, 18, 19, 20, 21, 22, 23, 24, 25, 26, 27, 28, 29, 30]
SMSEMOA WFG9 M5 	: [1, 2, 3, 4, 5, 6, 7, 8, 9, 10]
SMSEMOA WFG9 M8 	: [1, 2, 3, 4, 5]
SMSEMOA WFG9 M10 	: []
SMSEMOA MaF1 M3 	: [1, 2, 3, 4, 5, 6, 7, 8, 9, 10, 11, 12, 13, 14, 15, 16, 17, 18, 19, 20, 21, 22, 23, 24, 25, 26, 27, 28, 29, 30]
SMSEMOA MaF1 M5 	: [1, 2, 3, 4, 5, 6, 7, 8, 9, 10]
SMSEMOA MaF1 M8 	: [1, 2, 3, 4, 5]
SMSEMOA MaF1 M10 	: [5]
SMSEMOA MaF2 M3 	: [1, 2, 3, 4, 5, 6, 7, 8, 9, 10, 11, 12, 13, 14, 15, 16, 17, 18, 19, 20, 21, 22, 23, 24, 25, 26, 27, 28, 29, 30]
SMSEMOA MaF2 M5 	: [1, 2, 3, 4, 5, 6, 7, 8, 9, 10]
SMSEMOA MaF2 M8 	: [1, 2, 3, 4, 5]
SMSEMOA MaF2 M10 	: [1, 2, 3, 4, 5]
SMSEMOA MaF3 M3 	: [1, 2, 3, 4, 5, 6, 7, 8, 9, 10, 11, 12, 13, 14, 15, 16, 17, 18, 19, 20, 21, 22, 23, 24, 25, 26, 27, 28, 29, 30]
SMSEMOA MaF3 M5 	: [1, 2, 3, 4, 5, 6, 7, 8, 9, 10]
SMSEMOA MaF3 M8 	: [1, 2, 3, 4, 5]
SMSEMOA MaF3 M10 	: [1, 2, 3, 4, 5]
SMSEMOA MaF4 M3 	: [1, 2, 3, 4, 5, 6, 7, 8, 9, 10, 11, 12, 13, 14, 15, 16, 17, 18, 19, 20, 21, 22, 23, 24, 25, 26, 27, 28, 29, 30]
SMSEMOA MaF4 M5 	: [1, 2, 3, 4, 5, 6, 7, 8, 9, 10]
SMSEMOA MaF4 M8 	: [1, 2, 3, 4, 5]
SMSEMOA MaF4 M10 	: [1, 2]
SMSEMOA MaF5 M3 	: [1, 2, 3, 4, 5, 6, 7, 8, 9, 10, 11, 12, 13, 14, 15, 16, 17, 18, 19, 20, 21, 22, 23, 24, 25, 26, 27, 28, 29, 30]
SMSEMOA MaF5 M5 	: [1, 2, 3, 4, 5, 6, 7, 8, 9, 10]
SMSEMOA MaF5 M8 	: [1, 2, 3, 4, 5]
SMSEMOA MaF5 M10 	: []
SMSEMOA MaF6 M3 	: [1, 2, 3, 4, 5, 6, 7, 8, 9, 10, 11, 12, 13, 14, 15, 16, 17, 18, 19, 20, 21, 22, 23, 24, 25, 26, 27, 28, 29, 30]
SMSEMOA MaF6 M5 	: [1, 2, 3, 4, 5, 6, 7, 8, 9, 10]
SMSEMOA MaF6 M8 	: [1, 2, 3, 4, 5]
SMSEMOA MaF6 M10 	: []
SMSEMOA MaF7 M3 	: [1, 2, 3, 4, 5, 6, 7, 8, 9, 10, 11, 12, 13, 14, 15, 16, 17, 18, 19, 20, 21, 22, 23, 24, 25, 26, 27, 28, 29, 30]
SMSEMOA MaF7 M5 	: [1, 2, 3, 4, 5, 6, 7, 8, 9, 10]
SMSEMOA MaF7 M8 	: [1, 2, 3, 4, 5]
SMSEMOA MaF7 M10 	: []
SMSEMOA MaF8 M3 	: [1, 2, 3, 4, 5, 6, 7, 8, 9, 10, 11, 12, 13, 14, 15, 16, 17, 18, 19, 20, 21, 22, 23, 24, 25, 26, 27, 28, 29, 30]
SMSEMOA MaF8 M5 	: [1, 2, 3, 4, 5, 6, 7, 8, 9, 10]
SMSEMOA MaF8 M8 	: [1, 2, 3, 4, 5]
SMSEMOA MaF8 M10 	: []
SMSEMOA MaF9 M3 	: [1, 2, 3, 4, 5, 6, 7, 8, 9, 10, 11, 12, 13, 14, 15, 16, 17, 18, 19, 20, 21, 22, 23, 24, 25, 26, 27, 28, 29, 30]
SMSEMOA MaF9 M5 	: [1, 2, 3, 4, 5, 6, 7, 8, 9, 10]
SMSEMOA MaF9 M8 	: [1, 2, 3, 4, 5]
SMSEMOA MaF9 M10 	: []
SMSEMOA MaF10 M3 	: [1, 2, 3, 4, 5, 6, 7, 8, 9, 10, 11, 12, 13, 14, 15, 16, 17, 18, 19, 20, 21, 22, 23, 24, 25, 26, 27, 28, 29, 30]
SMSEMOA MaF10 M5 	: [1, 2, 3, 4, 5, 6, 7, 8, 9, 10]
SMSEMOA MaF10 M8 	: [1, 2, 3, 4, 5]
SMSEMOA MaF10 M10 	: [4, 5]
SMSEMOA MaF11 M3 	: [1, 2, 3, 4, 5, 6, 7, 8, 9, 10, 11, 12, 13, 14, 15, 16, 17, 18, 19, 20, 21, 22, 23, 24, 25, 26, 27, 28, 29, 30]
SMSEMOA MaF11 M5 	: [1, 2, 3, 4, 5, 6, 7, 8, 9, 10]
SMSEMOA MaF11 M8 	: [1, 2, 3, 4, 5]
SMSEMOA MaF11 M10 	: [1, 2, 3, 4, 5]
SMSEMOA MaF12 M3 	: [1, 2, 3, 4, 5, 6, 7, 8, 9, 10, 11, 12, 13, 14, 15, 16, 17, 18, 19, 20, 21, 22, 23, 24, 25, 26, 27, 28, 29, 30]
SMSEMOA MaF12 M5 	: [1, 2, 3, 4, 5, 6, 7, 8, 9, 10]
SMSEMOA MaF12 M8 	: [1, 2, 3, 4, 5]
SMSEMOA MaF12 M10 	: [1, 2, 3, 4, 5]
SMSEMOA MaF13 M3 	: [1, 2, 3, 4, 5, 6, 7, 8, 9, 10, 11, 12, 13, 14, 15, 16, 17, 18, 19, 20, 21, 22, 23, 24, 25, 26, 27, 28, 29, 30]
SMSEMOA MaF13 M5 	: [1, 2, 3, 4, 5, 6, 7, 8, 9, 10]
SMSEMOA MaF13 M8 	: [1, 2, 3, 4, 5]
SMSEMOA MaF13 M10 	: [1, 2, 3, 4, 5]
SMSEMOA MaF14 M3 	: [1, 2, 3, 4, 5, 6, 7, 8, 9, 10, 11, 12, 13, 14, 15, 16, 17, 18, 19, 20, 21, 22, 23, 24, 25, 26, 27, 28, 29, 30]
SMSEMOA MaF14 M5 	: [1, 2, 3, 4, 5, 6, 7, 8, 9, 10]
SMSEMOA MaF14 M8 	: [1, 2, 3, 4, 5]
SMSEMOA MaF14 M10 	: [1, 2, 3, 4, 5]
SMSEMOA MaF15 M3 	: [1, 2, 3, 4, 5, 6, 7, 8, 9, 10, 11, 12, 13, 14, 15, 16, 17, 18, 19, 20, 21, 22, 23, 24, 25, 26, 27, 28, 29, 30]
SMSEMOA MaF15 M5 	: [1, 2, 3, 4, 5, 6, 7, 8, 9, 10]
SMSEMOA MaF15 M8 	: [1, 2, 3, 4, 5]
SMSEMOA MaF15 M10 	: [1, 2, 3, 4, 5]
