This is XeTeX, Version 3.14159265-2.6-0.99996 (TeX Live 2016) (preloaded format=xelatex 2016.9.26)  16 JUN 2019 15:01
entering extended mode
 restricted \write18 enabled.
 file:line:error style messages enabled.
 %&-line parsing enabled.
**/Users/liaoweiduo/Documents/MATLAB/PlatEMO/PlatEMO/进度/Latex-SSCI/bare_conf
(/Users/liaoweiduo/Documents/MATLAB/PlatEMO/PlatEMO/进度/Latex-SSCI/bare_conf.tex
LaTeX2e <2016/03/31>
Babel <3.9r> and hyphenation patterns for 83 language(s) loaded.
(./IEEEtran.cls
Document Class: IEEEtran 2014/09/17 V1.8a by Michael Shell
-- See the "IEEEtran_HOWTO" manual for usage information.
-- http://www.michaelshell.org/tex/ieeetran/
\@IEEEtrantmpdimenA=\dimen102
\@IEEEtrantmpdimenB=\dimen103
\@IEEEtrantmpdimenC=\dimen104
\@IEEEtrantmpcountA=\count79
\@IEEEtrantmpcountB=\count80
\@IEEEtrantmpcountC=\count81
\@IEEEtrantmptoksA=\toks14
LaTeX Font Info:    Try loading font information for OT1+ptm on input line 458.
(/usr/local/texlive/2016/texmf-dist/tex/latex/psnfss/ot1ptm.fd
File: ot1ptm.fd 2001/06/04 font definitions for OT1/ptm.
)
-- Using 8.5in x 11in (letter) paper.
-- Using DVI output.
\@IEEEnormalsizeunitybaselineskip=\dimen105
-- This is a 10 point document.
\CLASSINFOnormalsizebaselineskip=\dimen106
\CLASSINFOnormalsizeunitybaselineskip=\dimen107
\IEEEnormaljot=\dimen108
LaTeX Font Info:    Font shape `OT1/ptm/bx/n' in size <5> not available
(Font)              Font shape `OT1/ptm/b/n' tried instead on input line 1039.
LaTeX Font Info:    Font shape `OT1/ptm/bx/it' in size <5> not available
(Font)              Font shape `OT1/ptm/b/it' tried instead on input line 1039.
LaTeX Font Info:    Font shape `OT1/ptm/bx/n' in size <7> not available
(Font)              Font shape `OT1/ptm/b/n' tried instead on input line 1039.
LaTeX Font Info:    Font shape `OT1/ptm/bx/it' in size <7> not available
(Font)              Font shape `OT1/ptm/b/it' tried instead on input line 1039.
LaTeX Font Info:    Font shape `OT1/ptm/bx/n' in size <8> not available
(Font)              Font shape `OT1/ptm/b/n' tried instead on input line 1039.
LaTeX Font Info:    Font shape `OT1/ptm/bx/it' in size <8> not available
(Font)              Font shape `OT1/ptm/b/it' tried instead on input line 1039.
LaTeX Font Info:    Font shape `OT1/ptm/bx/n' in size <9> not available
(Font)              Font shape `OT1/ptm/b/n' tried instead on input line 1039.
LaTeX Font Info:    Font shape `OT1/ptm/bx/it' in size <9> not available
(Font)              Font shape `OT1/ptm/b/it' tried instead on input line 1039.
LaTeX Font Info:    Font shape `OT1/ptm/bx/n' in size <10> not available
(Font)              Font shape `OT1/ptm/b/n' tried instead on input line 1039.
LaTeX Font Info:    Font shape `OT1/ptm/bx/it' in size <10> not available
(Font)              Font shape `OT1/ptm/b/it' tried instead on input line 1039.
LaTeX Font Info:    Font shape `OT1/ptm/bx/n' in size <11> not available
(Font)              Font shape `OT1/ptm/b/n' tried instead on input line 1039.
LaTeX Font Info:    Font shape `OT1/ptm/bx/it' in size <11> not available
(Font)              Font shape `OT1/ptm/b/it' tried instead on input line 1039.
LaTeX Font Info:    Font shape `OT1/ptm/bx/n' in size <12> not available
(Font)              Font shape `OT1/ptm/b/n' tried instead on input line 1039.
LaTeX Font Info:    Font shape `OT1/ptm/bx/it' in size <12> not available
(Font)              Font shape `OT1/ptm/b/it' tried instead on input line 1039.
LaTeX Font Info:    Font shape `OT1/ptm/bx/n' in size <17> not available
(Font)              Font shape `OT1/ptm/b/n' tried instead on input line 1039.
LaTeX Font Info:    Font shape `OT1/ptm/bx/it' in size <17> not available
(Font)              Font shape `OT1/ptm/b/it' tried instead on input line 1039.
LaTeX Font Info:    Font shape `OT1/ptm/bx/n' in size <20> not available
(Font)              Font shape `OT1/ptm/b/n' tried instead on input line 1039.
LaTeX Font Info:    Font shape `OT1/ptm/bx/it' in size <20> not available
(Font)              Font shape `OT1/ptm/b/it' tried instead on input line 1039.
LaTeX Font Info:    Font shape `OT1/ptm/bx/n' in size <24> not available
(Font)              Font shape `OT1/ptm/b/n' tried instead on input line 1039.
LaTeX Font Info:    Font shape `OT1/ptm/bx/it' in size <24> not available
(Font)              Font shape `OT1/ptm/b/it' tried instead on input line 1039.
\IEEEquantizedlength=\dimen109
\IEEEquantizedlengthdiff=\dimen110
\IEEEquantizedtextheightdiff=\dimen111
\IEEEilabelindentA=\dimen112
\IEEEilabelindentB=\dimen113
\IEEEilabelindent=\dimen114
\IEEEelabelindent=\dimen115
\IEEEdlabelindent=\dimen116
\IEEElabelindent=\dimen117
\IEEEiednormlabelsep=\dimen118
\IEEEiedmathlabelsep=\dimen119
\IEEEiedtopsep=\skip41
\c@section=\count82
\c@subsection=\count83
\c@subsubsection=\count84
\c@paragraph=\count85
\c@IEEEsubequation=\count86
\abovecaptionskip=\skip42
\belowcaptionskip=\skip43
\c@figure=\count87
\c@table=\count88
\@IEEEeqnnumcols=\count89
\@IEEEeqncolcnt=\count90
\@IEEEsubeqnnumrollback=\count91
\@IEEEquantizeheightA=\dimen120
\@IEEEquantizeheightB=\dimen121
\@IEEEquantizeheightC=\dimen122
\@IEEEquantizeprevdepth=\dimen123
\@IEEEquantizemultiple=\count92
\@IEEEquantizeboxA=\box26
\@IEEEtmpitemindent=\dimen124
\c@IEEEbiography=\count93
\@IEEEtranrubishbin=\box27
) (/usr/local/texlive/2016/texmf-dist/tex/latex/cite/cite.sty
LaTeX Info: Redefining \cite on input line 302.
LaTeX Info: Redefining \nocite on input line 332.
Package: cite 2015/02/27  v 5.5
) (/usr/local/texlive/2016/texmf-dist/tex/latex/graphics/graphicx.sty
Package: graphicx 2014/10/28 v1.0g Enhanced LaTeX Graphics (DPC,SPQR)
 (/usr/local/texlive/2016/texmf-dist/tex/latex/graphics/keyval.sty
Package: keyval 2014/10/28 v1.15 key=value parser (DPC)
\KV@toks@=\toks15
) (/usr/local/texlive/2016/texmf-dist/tex/latex/graphics/graphics.sty
Package: graphics 2016/05/09 v1.0r Standard LaTeX Graphics (DPC,SPQR)
 (/usr/local/texlive/2016/texmf-dist/tex/latex/graphics/trig.sty
Package: trig 2016/01/03 v1.10 sin cos tan (DPC)
) (/usr/local/texlive/2016/texmf-dist/tex/latex/graphics-cfg/graphics.cfg
File: graphics.cfg 2016/01/02 v1.10 sample graphics configuration
)
Package graphics Info: Driver file: dvips.def on input line 96.
 (/usr/local/texlive/2016/texmf-dist/tex/latex/graphics/dvips.def
File: dvips.def 2015/12/30 v3.0k Driver-dependent file (DPC,SPQR)
))
\Gin@req@height=\dimen125
\Gin@req@width=\dimen126
) (/usr/local/texlive/2016/texmf-dist/tex/latex/amsmath/amsmath.sty
Package: amsmath 2016/03/10 v2.15b AMS math features
\@mathmargin=\skip44

For additional information on amsmath, use the `?' option.
(/usr/local/texlive/2016/texmf-dist/tex/latex/amsmath/amstext.sty
Package: amstext 2000/06/29 v2.01 AMS text
 (/usr/local/texlive/2016/texmf-dist/tex/latex/amsmath/amsgen.sty
File: amsgen.sty 1999/11/30 v2.0 generic functions
\@emptytoks=\toks16
\ex@=\dimen127
)) (/usr/local/texlive/2016/texmf-dist/tex/latex/amsmath/amsbsy.sty
Package: amsbsy 1999/11/29 v1.2d Bold Symbols
\pmbraise@=\dimen128
) (/usr/local/texlive/2016/texmf-dist/tex/latex/amsmath/amsopn.sty
Package: amsopn 2016/03/08 v2.02 operator names
)
\inf@bad=\count94
LaTeX Info: Redefining \frac on input line 199.
\uproot@=\count95
\leftroot@=\count96
LaTeX Info: Redefining \overline on input line 297.
\classnum@=\count97
\DOTSCASE@=\count98
LaTeX Info: Redefining \ldots on input line 394.
LaTeX Info: Redefining \dots on input line 397.
LaTeX Info: Redefining \cdots on input line 518.
\Mathstrutbox@=\box28
\strutbox@=\box29
\big@size=\dimen129
LaTeX Font Info:    Redeclaring font encoding OML on input line 634.
LaTeX Font Info:    Redeclaring font encoding OMS on input line 635.
\macc@depth=\count99
\c@MaxMatrixCols=\count100
\dotsspace@=\muskip10
\c@parentequation=\count101
\dspbrk@lvl=\count102
\tag@help=\toks17
\row@=\count103
\column@=\count104
\maxfields@=\count105
\andhelp@=\toks18
\eqnshift@=\dimen130
\alignsep@=\dimen131
\tagshift@=\dimen132
\tagwidth@=\dimen133
\totwidth@=\dimen134
\lineht@=\dimen135
\@envbody=\toks19
\multlinegap=\skip45
\multlinetaggap=\skip46
\mathdisplay@stack=\toks20
LaTeX Info: Redefining \[ on input line 2739.
LaTeX Info: Redefining \] on input line 2740.
) (/usr/local/texlive/2016/texmf-dist/tex/latex/amsfonts/amsfonts.sty
Package: amsfonts 2013/01/14 v3.01 Basic AMSFonts support
\symAMSa=\mathgroup4
\symAMSb=\mathgroup5
LaTeX Font Info:    Overwriting math alphabet `\mathfrak' in version `bold'
(Font)                  U/euf/m/n --> U/euf/b/n on input line 106.
) (/usr/local/texlive/2016/texmf-dist/tex/latex/algorithms/algorithmic.sty
Invalid UTF-8 byte or sequence at line 11 replaced by U+FFFD.
Package: algorithmic 2009/08/24 v0.1 Document Style `algorithmic'
 (/usr/local/texlive/2016/texmf-dist/tex/latex/base/ifthen.sty
Package: ifthen 2014/09/29 v1.1c Standard LaTeX ifthen package (DPC)
)
\c@ALC@unique=\count106
\c@ALC@line=\count107
\c@ALC@rem=\count108
\c@ALC@depth=\count109
\ALC@tlm=\skip47
\algorithmicindent=\skip48
) (/usr/local/texlive/2016/texmf-dist/tex/latex/subfig/subfig.sty
Package: subfig 2005/06/28 ver: 1.3 subfig package
 (/usr/local/texlive/2016/texmf-dist/tex/latex/caption/caption3.sty
Package: caption3 2016/02/04 v1.7-139 caption3 kernel (AR)
Package caption3 Info: TeX engine: e-TeX on input line 67.
\captionmargin=\dimen136
\captionmargin@=\dimen137
\captionwidth=\dimen138
\caption@tempdima=\dimen139
\caption@indent=\dimen140
\caption@parindent=\dimen141
\caption@hangindent=\dimen142
Package caption Info: Unknown document class (or package),
(caption)             standard defaults will be used.
)
\c@KVtest=\count110
\sf@farskip=\skip49
\sf@captopadj=\dimen143
\sf@capskip=\skip50
\sf@nearskip=\skip51
\c@subfigure=\count111
\c@subfigure@save=\count112
\c@lofdepth=\count113
\c@subtable=\count114
\c@subtable@save=\count115
\c@lotdepth=\count116
\sf@top=\skip52
\sf@bottom=\skip53
) (/usr/local/texlive/2016/texmf-dist/tex/latex/sttools/stfloats.sty
Package: stfloats 2016/02/08 v2.0 Improve float mechanism and baselineskip settings
\@dblbotnum=\count117
\c@dblbotnumber=\count118
) (/usr/local/texlive/2016/texmf-dist/tex/latex/url/url.sty
\Urlmuskip=\muskip11
Package: url 2013/09/16  ver 3.4  Verb mode for urls, etc.
) (./bare_conf.aux)
\openout1 = `bare_conf.aux'.

LaTeX Font Info:    Checking defaults for OML/cmm/m/it on input line 324.
LaTeX Font Info:    ... okay on input line 324.
LaTeX Font Info:    Checking defaults for T1/cmr/m/n on input line 324.
LaTeX Font Info:    ... okay on input line 324.
LaTeX Font Info:    Checking defaults for OT1/cmr/m/n on input line 324.
LaTeX Font Info:    ... okay on input line 324.
LaTeX Font Info:    Checking defaults for OMS/cmsy/m/n on input line 324.
LaTeX Font Info:    ... okay on input line 324.
LaTeX Font Info:    Checking defaults for OMX/cmex/m/n on input line 324.
LaTeX Font Info:    ... okay on input line 324.
LaTeX Font Info:    Checking defaults for U/cmr/m/n on input line 324.
LaTeX Font Info:    ... okay on input line 324.

-- Lines per column: 56 (exact).
Package caption Info: Begin \AtBeginDocument code.
Package caption Info: subfig package v1.3 is loaded.
Package caption Info: End \AtBeginDocument code.
LaTeX Font Info:    Try loading font information for U+msa on input line 393.
(/usr/local/texlive/2016/texmf-dist/tex/latex/amsfonts/umsa.fd
File: umsa.fd 2013/01/14 v3.01 AMS symbols A
)
LaTeX Font Info:    Try loading font information for U+msb on input line 393.
 (/usr/local/texlive/2016/texmf-dist/tex/latex/amsfonts/umsb.fd
File: umsb.fd 2013/01/14 v3.01 AMS symbols B
)

LaTeX Warning: Citation `ut' on page 1 undefined on input line 579.

Invalid UTF-8 byte or sequence at line 588 replaced by U+FFFD.
Invalid UTF-8 byte or sequence at line 588 replaced by U+FFFD.
Invalid UTF-8 byte or sequence at line 588 replaced by U+FFFD.
Invalid UTF-8 byte or sequence at line 588 replaced by U+FFFD.
Invalid UTF-8 byte or sequence at line 588 replaced by U+FFFD.
Invalid UTF-8 byte or sequence at line 588 replaced by U+FFFD.
Invalid UTF-8 byte or sequence at line 588 replaced by U+FFFD.
Invalid UTF-8 byte or sequence at line 588 replaced by U+FFFD.
File: fig/rpa1_1.eps Graphic file (type eps)
<fig/rpa1_1.eps>
Invalid UTF-8 byte or sequence at line 590 replaced by U+FFFD.
Invalid UTF-8 byte or sequence at line 590 replaced by U+FFFD.
Invalid UTF-8 byte or sequence at line 590 replaced by U+FFFD.
Invalid UTF-8 byte or sequence at line 590 replaced by U+FFFD.
Invalid UTF-8 byte or sequence at line 590 replaced by U+FFFD.
Invalid UTF-8 byte or sequence at line 590 replaced by U+FFFD.
Invalid UTF-8 byte or sequence at line 590 replaced by U+FFFD.
Invalid UTF-8 byte or sequence at line 590 replaced by U+FFFD.
File: fig/rpa1_2.eps Graphic file (type eps)
 <fig/rpa1_2.eps>

LaTeX Warning: Citation `hisao1' on page 1 undefined on input line 604.


LaTeX Warning: Citation `hisao2' on page 1 undefined on input line 604.


LaTeX Warning: Citation `smsemoa' on page 1 undefined on input line 612.

Invalid UTF-8 byte or sequence at line 626 replaced by U+FFFD.
Invalid UTF-8 byte or sequence at line 626 replaced by U+FFFD.
Invalid UTF-8 byte or sequence at line 626 replaced by U+FFFD.
Invalid UTF-8 byte or sequence at line 626 replaced by U+FFFD.
Invalid UTF-8 byte or sequence at line 626 replaced by U+FFFD.
Invalid UTF-8 byte or sequence at line 626 replaced by U+FFFD.
File: fig/FVEMOA_fixrp_IDTLZ1_evaluation20000_r1__1.eps Graphic file (type eps)
<fig/FVEMOA_fixrp_IDTLZ1_evaluation20000_r1__1.eps>
Invalid UTF-8 byte or sequence at line 628 replaced by U+FFFD.
Invalid UTF-8 byte or sequence at line 628 replaced by U+FFFD.
Invalid UTF-8 byte or sequence at line 628 replaced by U+FFFD.
Invalid UTF-8 byte or sequence at line 628 replaced by U+FFFD.
Invalid UTF-8 byte or sequence at line 628 replaced by U+FFFD.
Invalid UTF-8 byte or sequence at line 628 replaced by U+FFFD.
Invalid UTF-8 byte or sequence at line 628 replaced by U+FFFD.
File: fig/FVEMOA_IDTLZ1_evaluation20000_r1__1.eps Graphic file (type eps)
 <fig/FVEMOA_IDTLZ1_evaluation20000_r1__1.eps>
Underfull \hbox (badness 10000) in paragraph at lines 628--628
[]\OT1/ptm/m/n/8 (b) |Inverted-DTLZ1 with a
 []

Invalid UTF-8 byte or sequence at line 630 replaced by U+FFFD.
Invalid UTF-8 byte or sequence at line 630 replaced by U+FFFD.
Invalid UTF-8 byte or sequence at line 630 replaced by U+FFFD.
Invalid UTF-8 byte or sequence at line 630 replaced by U+FFFD.
Invalid UTF-8 byte or sequence at line 630 replaced by U+FFFD.
Invalid UTF-8 byte or sequence at line 630 replaced by U+FFFD.
Invalid UTF-8 byte or sequence at line 630 replaced by U+FFFD.
Invalid UTF-8 byte or sequence at line 630 replaced by U+FFFD.
File: fig/FVEMOA_fixrp_DTLZ1_evaluation20000_r1__1.eps Graphic file (type eps)
<fig/FVEMOA_fixrp_DTLZ1_evaluation20000_r1__1.eps>
Invalid UTF-8 byte or sequence at line 632 replaced by U+FFFD.
Invalid UTF-8 byte or sequence at line 632 replaced by U+FFFD.
Invalid UTF-8 byte or sequence at line 632 replaced by U+FFFD.
Invalid UTF-8 byte or sequence at line 632 replaced by U+FFFD.
Invalid UTF-8 byte or sequence at line 632 replaced by U+FFFD.
Invalid UTF-8 byte or sequence at line 632 replaced by U+FFFD.
File: fig/FVEMOA_DTLZ1_evaluation20000_r1__1.eps Graphic file (type eps)
 <fig/FVEMOA_DTLZ1_evaluation20000_r1__1.eps>

LaTeX Warning: Citation `ut' on page 1 undefined on input line 666.


LaTeX Warning: Citation `hisao1' on page 1 undefined on input line 672.


LaTeX Warning: Citation `hisao2' on page 1 undefined on input line 672.


LaTeX Warning: Citation `hisao3' on page 1 undefined on input line 672.


LaTeX Warning: Citation `zhangqingfuHypE' on page 1 undefined on input line 672.


LaTeX Warning: Citation `hisao' on page 1 undefined on input line 682.

[1


]

LaTeX Warning: Reference `dm1' on page 2 undefined on input line 702.


LaTeX Warning: Citation `hisao' on page 2 undefined on input line 737.


LaTeX Warning: Citation `hisao26' on page 2 undefined on input line 737.


LaTeX Warning: Citation `hisao' on page 2 undefined on input line 739.


LaTeX Warning: Citation `hisao' on page 2 undefined on input line 757.


LaTeX Warning: Reference `ldm1' on page 2 undefined on input line 765.


LaTeX Warning: Reference `ldm1' on page 2 undefined on input line 786.


LaTeX Warning: Citation `convergence detection' on page 2 undefined on input line 821.

[2]

LaTeX Warning: Reference `wcd1' on page 3 undefined on input line 840.


LaTeX Warning: Reference `wcd2' on page 3 undefined on input line 849.


LaTeX Warning: Citation `lscd27' on page 3 undefined on input line 870.


LaTeX Warning: Citation `lscd' on page 3 undefined on input line 871.


LaTeX Warning: Reference `wcd2' on page 3 undefined on input line 899.


** Conference Paper **
Before submitting the final camera ready copy, remember to:

 1. Manually equalize the lengths of two columns on the last page
 of your paper;

 2. Ensure that any PostScript and/or PDF output post-processing
 uses only Type 1 fonts and that every step in the generation
 process uses the appropriate paper size.

[3] (./bare_conf.aux)

LaTeX Warning: There were undefined references.

 ) 
Here is how much of TeX's memory you used:
 3152 strings out of 493591
 49547 string characters out of 6143546
 117300 words of memory out of 5000000
 6545 multiletter control sequences out of 15000+600000
 30703 words of font info for 76 fonts, out of 8000000 for 9000
 1350 hyphenation exceptions out of 8191
 36i,10n,49p,882b,428s stack positions out of 5000i,500n,10000p,200000b,80000s

Output written on bare_conf.pdf (3 pages).
