This is XeTeX, Version 3.14159265-2.6-0.99996 (TeX Live 2016) (preloaded format=xelatex 2016.9.26)  20 JUN 2019 13:40
entering extended mode
 restricted \write18 enabled.
 file:line:error style messages enabled.
 %&-line parsing enabled.
**/Users/liaoweiduo/Documents/MATLAB/PlatEMO/PlatEMO/进度/Latex-SSCI/table/FVEMOA_DTLZ_3_optimal
(/Users/liaoweiduo/Documents/MATLAB/PlatEMO/PlatEMO/进度/Latex-SSCI/table/FVEMOA_DTLZ_3_optimal.tex
LaTeX2e <2016/03/31>
Babel <3.9r> and hyphenation patterns for 83 language(s) loaded.
(/usr/local/texlive/2016/texmf-dist/tex/latex/IEEEtran/IEEEtran.cls
Document Class: IEEEtran 2015/08/26 V1.8b by Michael Shell
-- See the "IEEEtran_HOWTO" manual for usage information.
-- http://www.michaelshell.org/tex/ieeetran/
\@IEEEtrantmpdimenA=\dimen102
\@IEEEtrantmpdimenB=\dimen103
\@IEEEtrantmpdimenC=\dimen104
\@IEEEtrantmpcountA=\count79
\@IEEEtrantmpcountB=\count80
\@IEEEtrantmpcountC=\count81
\@IEEEtrantmptoksA=\toks14
LaTeX Font Info:    Try loading font information for OT1+ptm on input line 503.
(/usr/local/texlive/2016/texmf-dist/tex/latex/psnfss/ot1ptm.fd
File: ot1ptm.fd 2001/06/04 font definitions for OT1/ptm.
)
-- Using 8.5in x 11in (letter) paper.
-- Using DVI output.
\@IEEEnormalsizeunitybaselineskip=\dimen105
-- This is a 10 point document.
\CLASSINFOnormalsizebaselineskip=\dimen106
\CLASSINFOnormalsizeunitybaselineskip=\dimen107
\IEEEnormaljot=\dimen108
LaTeX Font Info:    Font shape `OT1/ptm/bx/n' in size <5> not available
(Font)              Font shape `OT1/ptm/b/n' tried instead on input line 1090.
LaTeX Font Info:    Font shape `OT1/ptm/bx/it' in size <5> not available
(Font)              Font shape `OT1/ptm/b/it' tried instead on input line 1090.
LaTeX Font Info:    Font shape `OT1/ptm/bx/n' in size <7> not available
(Font)              Font shape `OT1/ptm/b/n' tried instead on input line 1090.
LaTeX Font Info:    Font shape `OT1/ptm/bx/it' in size <7> not available
(Font)              Font shape `OT1/ptm/b/it' tried instead on input line 1090.
LaTeX Font Info:    Font shape `OT1/ptm/bx/n' in size <8> not available
(Font)              Font shape `OT1/ptm/b/n' tried instead on input line 1090.
LaTeX Font Info:    Font shape `OT1/ptm/bx/it' in size <8> not available
(Font)              Font shape `OT1/ptm/b/it' tried instead on input line 1090.
LaTeX Font Info:    Font shape `OT1/ptm/bx/n' in size <9> not available
(Font)              Font shape `OT1/ptm/b/n' tried instead on input line 1090.
LaTeX Font Info:    Font shape `OT1/ptm/bx/it' in size <9> not available
(Font)              Font shape `OT1/ptm/b/it' tried instead on input line 1090.
LaTeX Font Info:    Font shape `OT1/ptm/bx/n' in size <10> not available
(Font)              Font shape `OT1/ptm/b/n' tried instead on input line 1090.
LaTeX Font Info:    Font shape `OT1/ptm/bx/it' in size <10> not available
(Font)              Font shape `OT1/ptm/b/it' tried instead on input line 1090.
LaTeX Font Info:    Font shape `OT1/ptm/bx/n' in size <11> not available
(Font)              Font shape `OT1/ptm/b/n' tried instead on input line 1090.
LaTeX Font Info:    Font shape `OT1/ptm/bx/it' in size <11> not available
(Font)              Font shape `OT1/ptm/b/it' tried instead on input line 1090.
LaTeX Font Info:    Font shape `OT1/ptm/bx/n' in size <12> not available
(Font)              Font shape `OT1/ptm/b/n' tried instead on input line 1090.
LaTeX Font Info:    Font shape `OT1/ptm/bx/it' in size <12> not available
(Font)              Font shape `OT1/ptm/b/it' tried instead on input line 1090.
LaTeX Font Info:    Font shape `OT1/ptm/bx/n' in size <17> not available
(Font)              Font shape `OT1/ptm/b/n' tried instead on input line 1090.
LaTeX Font Info:    Font shape `OT1/ptm/bx/it' in size <17> not available
(Font)              Font shape `OT1/ptm/b/it' tried instead on input line 1090.
LaTeX Font Info:    Font shape `OT1/ptm/bx/n' in size <20> not available
(Font)              Font shape `OT1/ptm/b/n' tried instead on input line 1090.
LaTeX Font Info:    Font shape `OT1/ptm/bx/it' in size <20> not available
(Font)              Font shape `OT1/ptm/b/it' tried instead on input line 1090.
LaTeX Font Info:    Font shape `OT1/ptm/bx/n' in size <24> not available
(Font)              Font shape `OT1/ptm/b/n' tried instead on input line 1090.
LaTeX Font Info:    Font shape `OT1/ptm/bx/it' in size <24> not available
(Font)              Font shape `OT1/ptm/b/it' tried instead on input line 1090.
\IEEEquantizedlength=\dimen109
\IEEEquantizedlengthdiff=\dimen110
\IEEEquantizedtextheightdiff=\dimen111
\IEEEilabelindentA=\dimen112
\IEEEilabelindentB=\dimen113
\IEEEilabelindent=\dimen114
\IEEEelabelindent=\dimen115
\IEEEdlabelindent=\dimen116
\IEEElabelindent=\dimen117
\IEEEiednormlabelsep=\dimen118
\IEEEiedmathlabelsep=\dimen119
\IEEEiedtopsep=\skip41
\c@section=\count82
\c@subsection=\count83
\c@subsubsection=\count84
\c@paragraph=\count85
\c@IEEEsubequation=\count86
\abovecaptionskip=\skip42
\belowcaptionskip=\skip43
\c@figure=\count87
\c@table=\count88
\@IEEEeqnnumcols=\count89
\@IEEEeqncolcnt=\count90
\@IEEEsubeqnnumrollback=\count91
\@IEEEquantizeheightA=\dimen120
\@IEEEquantizeheightB=\dimen121
\@IEEEquantizeheightC=\dimen122
\@IEEEquantizeprevdepth=\dimen123
\@IEEEquantizemultiple=\count92
\@IEEEquantizeboxA=\box26
\@IEEEtmpitemindent=\dimen124
\IEEEPARstartletwidth=\dimen125
\c@IEEEbiography=\count93
\@IEEEtranrubishbin=\box27
) (/usr/local/texlive/2016/texmf-dist/tex/latex/multirow/multirow.sty
\bigstrutjot=\dimen126
) (/usr/local/texlive/2016/texmf-dist/tex/latex/booktabs/booktabs.sty
Package: booktabs 2016/04/27 v1.618033 publication quality tables
\heavyrulewidth=\dimen127
\lightrulewidth=\dimen128
\cmidrulewidth=\dimen129
\belowrulesep=\dimen130
\belowbottomsep=\dimen131
\aboverulesep=\dimen132
\abovetopsep=\dimen133
\cmidrulesep=\dimen134
\cmidrulekern=\dimen135
\defaultaddspace=\dimen136
\@cmidla=\count94
\@cmidlb=\count95
\@aboverulesep=\dimen137
\@belowrulesep=\dimen138
\@thisruleclass=\count96
\@lastruleclass=\count97
\@thisrulewidth=\dimen139
) (/usr/local/texlive/2016/texmf-dist/tex/latex/graphics/color.sty
Package: color 2016/05/09 v1.1c Standard LaTeX Color (DPC)
 (/usr/local/texlive/2016/texmf-dist/tex/latex/graphics-cfg/color.cfg
File: color.cfg 2016/01/02 v1.6 sample color configuration
)
Package color Info: Driver file: xetex.def on input line 144.
 (/usr/local/texlive/2016/texmf-dist/tex/xelatex/xetex-def/xetex.def
File: xetex.def 2016/04/06 v4.08 LaTeX color/graphics driver for XeTeX (TeX Live/RRM/JK)
 (/usr/local/texlive/2016/texmf-dist/tex/generic/oberdiek/infwarerr.sty
Package: infwarerr 2016/05/16 v1.4 Providing info/warning/error messages (HO)
) (/usr/local/texlive/2016/texmf-dist/tex/generic/oberdiek/ltxcmds.sty
Package: ltxcmds 2016/05/16 v1.23 LaTeX kernel commands for general use (HO)
))) (/usr/local/texlive/2016/texmf-dist/tex/latex/soul/soul.sty
Package: soul 2003/11/17 v2.4 letterspacing/underlining (mf)
\SOUL@word=\toks15
\SOUL@lasttoken=\toks16
\SOUL@cmds=\toks17
\SOUL@buffer=\toks18
\SOUL@token=\toks19
\SOUL@spaceskip=\skip44
\SOUL@ttwidth=\dimen140
\SOUL@uldp=\dimen141
\SOUL@ulht=\dimen142
) (/usr/local/texlive/2016/texmf-dist/tex/latex/threeparttable/threeparttable.sty
Package: threeparttable 2003/06/13  v 3.0
\@tempboxb=\box28
)
No file FVEMOA_DTLZ_3_optimal.aux.
\openout1 = `FVEMOA_DTLZ_3_optimal.aux'.

LaTeX Font Info:    Checking defaults for OML/cmm/m/it on input line 10.
LaTeX Font Info:    ... okay on input line 10.
LaTeX Font Info:    Checking defaults for T1/cmr/m/n on input line 10.
LaTeX Font Info:    ... okay on input line 10.
LaTeX Font Info:    Checking defaults for OT1/cmr/m/n on input line 10.
LaTeX Font Info:    ... okay on input line 10.
LaTeX Font Info:    Checking defaults for OMS/cmsy/m/n on input line 10.
LaTeX Font Info:    ... okay on input line 10.
LaTeX Font Info:    Checking defaults for OMX/cmex/m/n on input line 10.
LaTeX Font Info:    ... okay on input line 10.
LaTeX Font Info:    Checking defaults for U/cmr/m/n on input line 10.
LaTeX Font Info:    ... okay on input line 10.
-- Lines per column: 58 (exact).
LaTeX Font Info:    External font `cmex10' loaded for size
(Font)              <8> on input line 15.
LaTeX Font Info:    External font `cmex10' loaded for size
(Font)              <6> on input line 15.
LaTeX Font Info:    External font `cmex10' loaded for size
(Font)              <5> on input line 15.
/Users/liaoweiduo/Documents/MATLAB/PlatEMO/PlatEMO/进度/Latex-SSCI/table/FVEMOA_DTLZ_3_optimal.tex:19: Undefined control sequence.
\semitextbf #1->\pdfliteral 
                            direct {2 Tr 0.3 w} #1\pdfliteral direct {0 Tr 0 w}
l.19 ...0&3&3&\semitextbf{1.4028e-1 (2.30e-5) $+$}
                                                  &1.4028e-1 (1.86e-5) $\app...
The control sequence at the end of the top line
of your error message was never \def'ed. If you have
misspelled it (e.g., `\hobx'), type `I' and the correct
spelling (e.g., `I\hbox'). Otherwise just continue,
and I'll forget about whatever was undefined.

/Users/liaoweiduo/Documents/MATLAB/PlatEMO/PlatEMO/进度/Latex-SSCI/table/FVEMOA_DTLZ_3_optimal.tex:19: Undefined control sequence.
\semitextbf ... direct {2 Tr 0.3 w} #1\pdfliteral 
                                                  direct {0 Tr 0 w}
l.19 ...0&3&3&\semitextbf{1.4028e-1 (2.30e-5) $+$}
                                                  &1.4028e-1 (1.86e-5) $\app...
The control sequence at the end of the top line
of your error message was never \def'ed. If you have
misspelled it (e.g., `\hobx'), type `I' and the correct
spelling (e.g., `I\hbox'). Otherwise just continue,
and I'll forget about whatever was undefined.

/Users/liaoweiduo/Documents/MATLAB/PlatEMO/PlatEMO/进度/Latex-SSCI/table/FVEMOA_DTLZ_3_optimal.tex:21: Undefined control sequence.
\semitextbf #1->\pdfliteral 
                            direct {2 Tr 0.3 w} #1\pdfliteral direct {0 Tr 0 w}
l.21 ...\semitextbf{7.5686e-1 (1.13e-4) $\approx$}
                                                  &\hl{7.5681e-1 (1.32e-4) $...
The control sequence at the end of the top line
of your error message was never \def'ed. If you have
misspelled it (e.g., `\hobx'), type `I' and the correct
spelling (e.g., `I\hbox'). Otherwise just continue,
and I'll forget about whatever was undefined.

/Users/liaoweiduo/Documents/MATLAB/PlatEMO/PlatEMO/进度/Latex-SSCI/table/FVEMOA_DTLZ_3_optimal.tex:21: Undefined control sequence.
\semitextbf ... direct {2 Tr 0.3 w} #1\pdfliteral 
                                                  direct {0 Tr 0 w}
l.21 ...\semitextbf{7.5686e-1 (1.13e-4) $\approx$}
                                                  &\hl{7.5681e-1 (1.32e-4) $...
The control sequence at the end of the top line
of your error message was never \def'ed. If you have
misspelled it (e.g., `\hobx'), type `I' and the correct
spelling (e.g., `I\hbox'). Otherwise just continue,
and I'll forget about whatever was undefined.

/Users/liaoweiduo/Documents/MATLAB/PlatEMO/PlatEMO/进度/Latex-SSCI/table/FVEMOA_DTLZ_3_optimal.tex:23: Undefined control sequence.
\semitextbf #1->\pdfliteral 
                            direct {2 Tr 0.3 w} #1\pdfliteral direct {0 Tr 0 w}
l.23 ...\semitextbf{7.4029e-1 (8.35e-3) $\approx$}
                                                  &7.3655e-1 (9.43e-3) $\app...
The control sequence at the end of the top line
of your error message was never \def'ed. If you have
misspelled it (e.g., `\hobx'), type `I' and the correct
spelling (e.g., `I\hbox'). Otherwise just continue,
and I'll forget about whatever was undefined.

/Users/liaoweiduo/Documents/MATLAB/PlatEMO/PlatEMO/进度/Latex-SSCI/table/FVEMOA_DTLZ_3_optimal.tex:23: Undefined control sequence.
\semitextbf ... direct {2 Tr 0.3 w} #1\pdfliteral 
                                                  direct {0 Tr 0 w}
l.23 ...\semitextbf{7.4029e-1 (8.35e-3) $\approx$}
                                                  &7.3655e-1 (9.43e-3) $\app...
The control sequence at the end of the top line
of your error message was never \def'ed. If you have
misspelled it (e.g., `\hobx'), type `I' and the correct
spelling (e.g., `I\hbox'). Otherwise just continue,
and I'll forget about whatever was undefined.

/Users/liaoweiduo/Documents/MATLAB/PlatEMO/PlatEMO/进度/Latex-SSCI/table/FVEMOA_DTLZ_3_optimal.tex:25: Undefined control sequence.
\semitextbf #1->\pdfliteral 
                            direct {2 Tr 0.3 w} #1\pdfliteral direct {0 Tr 0 w}
l.25 ...\semitextbf{6.9813e-1 (1.21e-1) $\approx$}
                                                  &6.8340e-1 (1.31e-1) $\app...
The control sequence at the end of the top line
of your error message was never \def'ed. If you have
misspelled it (e.g., `\hobx'), type `I' and the correct
spelling (e.g., `I\hbox'). Otherwise just continue,
and I'll forget about whatever was undefined.

/Users/liaoweiduo/Documents/MATLAB/PlatEMO/PlatEMO/进度/Latex-SSCI/table/FVEMOA_DTLZ_3_optimal.tex:25: Undefined control sequence.
\semitextbf ... direct {2 Tr 0.3 w} #1\pdfliteral 
                                                  direct {0 Tr 0 w}
l.25 ...\semitextbf{6.9813e-1 (1.21e-1) $\approx$}
                                                  &6.8340e-1 (1.31e-1) $\app...
The control sequence at the end of the top line
of your error message was never \def'ed. If you have
misspelled it (e.g., `\hobx'), type `I' and the correct
spelling (e.g., `I\hbox'). Otherwise just continue,
and I'll forget about whatever was undefined.

/Users/liaoweiduo/Documents/MATLAB/PlatEMO/PlatEMO/进度/Latex-SSCI/table/FVEMOA_DTLZ_3_optimal.tex:27: Undefined control sequence.
\semitextbf #1->\pdfliteral 
                            direct {2 Tr 0.3 w} #1\pdfliteral direct {0 Tr 0 w}
l.27 ...\semitextbf{4.5525e+5 (4.78e+5) $\approx$}
                                                  &5.7943e+4 (1.46e+5) $-$&1...
The control sequence at the end of the top line
of your error message was never \def'ed. If you have
misspelled it (e.g., `\hobx'), type `I' and the correct
spelling (e.g., `I\hbox'). Otherwise just continue,
and I'll forget about whatever was undefined.

/Users/liaoweiduo/Documents/MATLAB/PlatEMO/PlatEMO/进度/Latex-SSCI/table/FVEMOA_DTLZ_3_optimal.tex:27: Undefined control sequence.
\semitextbf ... direct {2 Tr 0.3 w} #1\pdfliteral 
                                                  direct {0 Tr 0 w}
l.27 ...\semitextbf{4.5525e+5 (4.78e+5) $\approx$}
                                                  &5.7943e+4 (1.46e+5) $-$&1...
The control sequence at the end of the top line
of your error message was never \def'ed. If you have
misspelled it (e.g., `\hobx'), type `I' and the correct
spelling (e.g., `I\hbox'). Otherwise just continue,
and I'll forget about whatever was undefined.

/Users/liaoweiduo/Documents/MATLAB/PlatEMO/PlatEMO/进度/Latex-SSCI/table/FVEMOA_DTLZ_3_optimal.tex:29: Undefined control sequence.
\semitextbf #1->\pdfliteral 
                            direct {2 Tr 0.3 w} #1\pdfliteral direct {0 Tr 0 w}
l.29 ...\semitextbf{2.5108e+0 (4.33e+0) $\approx$}
                                                  &\hl{7.4229e-4 (2.94e-3)}\\
The control sequence at the end of the top line
of your error message was never \def'ed. If you have
misspelled it (e.g., `\hobx'), type `I' and the correct
spelling (e.g., `I\hbox'). Otherwise just continue,
and I'll forget about whatever was undefined.

/Users/liaoweiduo/Documents/MATLAB/PlatEMO/PlatEMO/进度/Latex-SSCI/table/FVEMOA_DTLZ_3_optimal.tex:29: Undefined control sequence.
\semitextbf ... direct {2 Tr 0.3 w} #1\pdfliteral 
                                                  direct {0 Tr 0 w}
l.29 ...\semitextbf{2.5108e+0 (4.33e+0) $\approx$}
                                                  &\hl{7.4229e-4 (2.94e-3)}\\
The control sequence at the end of the top line
of your error message was never \def'ed. If you have
misspelled it (e.g., `\hobx'), type `I' and the correct
spelling (e.g., `I\hbox'). Otherwise just continue,
and I'll forget about whatever was undefined.

/Users/liaoweiduo/Documents/MATLAB/PlatEMO/PlatEMO/进度/Latex-SSCI/table/FVEMOA_DTLZ_3_optimal.tex:31: Undefined control sequence.
\semitextbf #1->\pdfliteral 
                            direct {2 Tr 0.3 w} #1\pdfliteral direct {0 Tr 0 w}
l.31 ...\semitextbf{2.4852e+8 (7.33e+8) $\approx$}
                                                  &\hl{4.3480e+7 (1.24e+8) $...
The control sequence at the end of the top line
of your error message was never \def'ed. If you have
misspelled it (e.g., `\hobx'), type `I' and the correct
spelling (e.g., `I\hbox'). Otherwise just continue,
and I'll forget about whatever was undefined.

/Users/liaoweiduo/Documents/MATLAB/PlatEMO/PlatEMO/进度/Latex-SSCI/table/FVEMOA_DTLZ_3_optimal.tex:31: Undefined control sequence.
\semitextbf ... direct {2 Tr 0.3 w} #1\pdfliteral 
                                                  direct {0 Tr 0 w}
l.31 ...\semitextbf{2.4852e+8 (7.33e+8) $\approx$}
                                                  &\hl{4.3480e+7 (1.24e+8) $...
The control sequence at the end of the top line
of your error message was never \def'ed. If you have
misspelled it (e.g., `\hobx'), type `I' and the correct
spelling (e.g., `I\hbox'). Otherwise just continue,
and I'll forget about whatever was undefined.

/Users/liaoweiduo/Documents/MATLAB/PlatEMO/PlatEMO/进度/Latex-SSCI/table/FVEMOA_DTLZ_3_optimal.tex:33: Undefined control sequence.
\semitextbf #1->\pdfliteral 
                            direct {2 Tr 0.3 w} #1\pdfliteral direct {0 Tr 0 w}
l.33 ...e+0) $-$}&\semitextbf{2.0003e+1 (1.02e-1)}
                                                  \\
The control sequence at the end of the top line
of your error message was never \def'ed. If you have
misspelled it (e.g., `\hobx'), type `I' and the correct
spelling (e.g., `I\hbox'). Otherwise just continue,
and I'll forget about whatever was undefined.

/Users/liaoweiduo/Documents/MATLAB/PlatEMO/PlatEMO/进度/Latex-SSCI/table/FVEMOA_DTLZ_3_optimal.tex:33: Undefined control sequence.
\semitextbf ... direct {2 Tr 0.3 w} #1\pdfliteral 
                                                  direct {0 Tr 0 w}
l.33 ...e+0) $-$}&\semitextbf{2.0003e+1 (1.02e-1)}
                                                  \\
The control sequence at the end of the top line
of your error message was never \def'ed. If you have
misspelled it (e.g., `\hobx'), type `I' and the correct
spelling (e.g., `I\hbox'). Otherwise just continue,
and I'll forget about whatever was undefined.


Overfull \hbox (392.22298pt too wide) in paragraph at lines 15--39
 [][] 
 []

[1] (./FVEMOA_DTLZ_3_optimal.aux)

LaTeX Warning: Label(s) may have changed. Rerun to get cross-references right.

 ) 
Here is how much of TeX's memory you used:
 1733 strings out of 493591
 29193 string characters out of 6143546
 88538 words of memory out of 5000000
 5182 multiletter control sequences out of 15000+600000
 27492 words of font info for 62 fonts, out of 8000000 for 9000
 1347 hyphenation exceptions out of 8191
 26i,12n,19p,339b,319s stack positions out of 5000i,500n,10000p,200000b,80000s

Output written on FVEMOA_DTLZ_3_optimal.pdf (1 page).
